{"C:\\Users\\nisch\\Downloads\\Project_PV\\playwright.config.ts": {"path":"C:\\Users\\nisch\\Downloads\\Project_PV\\playwright.config.ts","all":true,"statementMap":{"0":{"start":{"line":1,"column":0},"end":{"line":1,"column":57}},"2":{"start":{"line":3,"column":0},"end":{"line":3,"column":29}},"3":{"start":{"line":4,"column":0},"end":{"line":4,"column":25}},"4":{"start":{"line":5,"column":0},"end":{"line":5,"column":21}},"5":{"start":{"line":6,"column":0},"end":{"line":6,"column":11}},"6":{"start":{"line":7,"column":0},"end":{"line":7,"column":18}},"7":{"start":{"line":8,"column":0},"end":{"line":8,"column":4}},"8":{"start":{"line":9,"column":0},"end":{"line":9,"column":22}},"9":{"start":{"line":10,"column":0},"end":{"line":10,"column":31}},"10":{"start":{"line":11,"column":0},"end":{"line":11,"column":34}},"11":{"start":{"line":12,"column":0},"end":{"line":12,"column":42}},"12":{"start":{"line":13,"column":0},"end":{"line":13,"column":19}},"13":{"start":{"line":14,"column":0},"end":{"line":14,"column":8}},"14":{"start":{"line":15,"column":0},"end":{"line":15,"column":21}},"15":{"start":{"line":16,"column":0},"end":{"line":16,"column":37}},"16":{"start":{"line":17,"column":0},"end":{"line":17,"column":28}},"18":{"start":{"line":19,"column":0},"end":{"line":19,"column":20}},"19":{"start":{"line":20,"column":0},"end":{"line":20,"column":13}},"20":{"start":{"line":21,"column":0},"end":{"line":21,"column":25}},"21":{"start":{"line":22,"column":0},"end":{"line":22,"column":34}},"22":{"start":{"line":23,"column":0},"end":{"line":23,"column":33}},"23":{"start":{"line":24,"column":0},"end":{"line":24,"column":25}},"24":{"start":{"line":25,"column":0},"end":{"line":25,"column":23}},"25":{"start":{"line":26,"column":0},"end":{"line":26,"column":8}},"26":{"start":{"line":27,"column":0},"end":{"line":27,"column":6}},"27":{"start":{"line":28,"column":0},"end":{"line":28,"column":4}},"28":{"start":{"line":29,"column":0},"end":{"line":29,"column":13}},"29":{"start":{"line":30,"column":0},"end":{"line":30,"column":5}},"30":{"start":{"line":31,"column":0},"end":{"line":31,"column":23}},"31":{"start":{"line":32,"column":0},"end":{"line":32,"column":44}},"32":{"start":{"line":33,"column":0},"end":{"line":33,"column":6}},"33":{"start":{"line":34,"column":0},"end":{"line":34,"column":4}},"34":{"start":{"line":35,"column":0},"end":{"line":35,"column":14}},"35":{"start":{"line":36,"column":0},"end":{"line":36,"column":27}},"36":{"start":{"line":37,"column":0},"end":{"line":37,"column":33}},"37":{"start":{"line":38,"column":0},"end":{"line":38,"column":41}},"38":{"start":{"line":39,"column":0},"end":{"line":39,"column":4}},"39":{"start":{"line":40,"column":0},"end":{"line":40,"column":3}}},"s":{"0":0,"2":0,"3":0,"4":0,"5":0,"6":0,"7":0,"8":0,"9":0,"10":0,"11":0,"12":0,"13":0,"14":0,"15":0,"16":0,"18":0,"19":0,"20":0,"21":0,"22":0,"23":0,"24":0,"25":0,"26":0,"27":0,"28":0,"29":0,"30":0,"31":0,"32":0,"33":0,"34":0,"35":0,"36":0,"37":0,"38":0,"39":0},"branchMap":{"0":{"type":"branch","line":1,"loc":{"start":{"line":1,"column":908},"end":{"line":40,"column":3}},"locations":[{"start":{"line":1,"column":908},"end":{"line":40,"column":3}}]}},"b":{"0":[0]},"fnMap":{"0":{"name":"(empty-report)","decl":{"start":{"line":1,"column":908},"end":{"line":40,"column":3}},"loc":{"start":{"line":1,"column":908},"end":{"line":40,"column":3}},"line":1}},"f":{"0":0}}
,"C:\\Users\\nisch\\Downloads\\Project_PV\\server\\index.ts": {"path":"C:\\Users\\nisch\\Downloads\\Project_PV\\server\\index.ts","all":false,"statementMap":{"0":{"start":{"line":1,"column":0},"end":{"line":1,"column":67}},"1":{"start":{"line":2,"column":0},"end":{"line":2,"column":35}},"2":{"start":{"line":3,"column":0},"end":{"line":3,"column":43}},"3":{"start":{"line":4,"column":0},"end":{"line":4,"column":20}},"4":{"start":{"line":5,"column":0},"end":{"line":5,"column":24}},"5":{"start":{"line":6,"column":0},"end":{"line":6,"column":24}},"6":{"start":{"line":7,"column":0},"end":{"line":7,"column":28}},"7":{"start":{"line":8,"column":0},"end":{"line":8,"column":59}},"8":{"start":{"line":9,"column":0},"end":{"line":9,"column":50}},"9":{"start":{"line":10,"column":0},"end":{"line":10,"column":24}},"12":{"start":{"line":13,"column":0},"end":{"line":13,"column":32}},"13":{"start":{"line":14,"column":0},"end":{"line":14,"column":88}},"14":{"start":{"line":15,"column":0},"end":{"line":15,"column":3}},"16":{"start":{"line":17,"column":0},"end":{"line":17,"column":36}},"17":{"start":{"line":18,"column":0},"end":{"line":18,"column":19}},"18":{"start":{"line":19,"column":0},"end":{"line":19,"column":47}},"19":{"start":{"line":20,"column":0},"end":{"line":20,"column":54}},"20":{"start":{"line":21,"column":0},"end":{"line":21,"column":35}},"21":{"start":{"line":22,"column":0},"end":{"line":22,"column":19}},"22":{"start":{"line":23,"column":0},"end":{"line":23,"column":82}},"23":{"start":{"line":24,"column":0},"end":{"line":24,"column":33}},"24":{"start":{"line":25,"column":0},"end":{"line":25,"column":56}},"25":{"start":{"line":26,"column":0},"end":{"line":26,"column":60}},"26":{"start":{"line":27,"column":0},"end":{"line":27,"column":49}},"27":{"start":{"line":28,"column":0},"end":{"line":28,"column":57}},"28":{"start":{"line":29,"column":0},"end":{"line":29,"column":59}},"29":{"start":{"line":30,"column":0},"end":{"line":30,"column":3}},"31":{"start":{"line":32,"column":0},"end":{"line":32,"column":38}},"32":{"start":{"line":33,"column":0},"end":{"line":33,"column":60}},"33":{"start":{"line":34,"column":0},"end":{"line":34,"column":3}},"41":{"start":{"line":42,"column":0},"end":{"line":42,"column":24}},"42":{"start":{"line":43,"column":0},"end":{"line":43,"column":31}},"43":{"start":{"line":44,"column":0},"end":{"line":44,"column":37}},"44":{"start":{"line":45,"column":0},"end":{"line":45,"column":43}},"45":{"start":{"line":46,"column":0},"end":{"line":46,"column":35}},"46":{"start":{"line":47,"column":0},"end":{"line":47,"column":44}},"47":{"start":{"line":48,"column":0},"end":{"line":48,"column":2}},"49":{"start":{"line":50,"column":0},"end":{"line":50,"column":39}},"50":{"start":{"line":51,"column":0},"end":{"line":51,"column":31}},"51":{"start":{"line":52,"column":0},"end":{"line":52,"column":52}},"52":{"start":{"line":53,"column":0},"end":{"line":53,"column":35}},"53":{"start":{"line":54,"column":0},"end":{"line":54,"column":80}},"54":{"start":{"line":55,"column":0},"end":{"line":55,"column":12}},"55":{"start":{"line":56,"column":0},"end":{"line":56,"column":5}},"56":{"start":{"line":57,"column":0},"end":{"line":57,"column":3}},"57":{"start":{"line":58,"column":0},"end":{"line":58,"column":1}},"60":{"start":{"line":61,"column":0},"end":{"line":61,"column":32}},"61":{"start":{"line":62,"column":0},"end":{"line":62,"column":47}},"62":{"start":{"line":63,"column":0},"end":{"line":63,"column":53}},"63":{"start":{"line":64,"column":0},"end":{"line":64,"column":51}},"64":{"start":{"line":65,"column":0},"end":{"line":65,"column":60}},"65":{"start":{"line":66,"column":0},"end":{"line":66,"column":2}},"67":{"start":{"line":68,"column":0},"end":{"line":68,"column":48}},"68":{"start":{"line":69,"column":0},"end":{"line":69,"column":32}},"69":{"start":{"line":70,"column":0},"end":{"line":70,"column":58}},"70":{"start":{"line":71,"column":0},"end":{"line":71,"column":91}},"71":{"start":{"line":72,"column":0},"end":{"line":72,"column":10}},"72":{"start":{"line":73,"column":0},"end":{"line":73,"column":3}},"73":{"start":{"line":74,"column":0},"end":{"line":74,"column":1}},"77":{"start":{"line":78,"column":0},"end":{"line":78,"column":5}},"78":{"start":{"line":79,"column":0},"end":{"line":79,"column":119}},"79":{"start":{"line":80,"column":0},"end":{"line":80,"column":121}},"80":{"start":{"line":81,"column":0},"end":{"line":81,"column":20}},"81":{"start":{"line":82,"column":0},"end":{"line":82,"column":3}},"82":{"start":{"line":83,"column":0},"end":{"line":83,"column":24}},"83":{"start":{"line":84,"column":0},"end":{"line":84,"column":60}},"84":{"start":{"line":85,"column":0},"end":{"line":85,"column":17}},"85":{"start":{"line":86,"column":0},"end":{"line":86,"column":66}},"86":{"start":{"line":87,"column":0},"end":{"line":87,"column":46}},"87":{"start":{"line":88,"column":0},"end":{"line":88,"column":47}},"88":{"start":{"line":89,"column":0},"end":{"line":89,"column":3}},"89":{"start":{"line":90,"column":0},"end":{"line":90,"column":1}},"90":{"start":{"line":91,"column":0},"end":{"line":91,"column":29}},"92":{"start":{"line":93,"column":0},"end":{"line":93,"column":22}},"95":{"start":{"line":96,"column":0},"end":{"line":96,"column":18}},"98":{"start":{"line":99,"column":0},"end":{"line":99,"column":61}},"99":{"start":{"line":100,"column":0},"end":{"line":100,"column":43}},"100":{"start":{"line":101,"column":0},"end":{"line":101,"column":41}},"101":{"start":{"line":102,"column":0},"end":{"line":102,"column":7}},"102":{"start":{"line":103,"column":0},"end":{"line":103,"column":41}},"103":{"start":{"line":104,"column":0},"end":{"line":104,"column":48}},"104":{"start":{"line":105,"column":0},"end":{"line":105,"column":7}},"105":{"start":{"line":106,"column":0},"end":{"line":106,"column":7}},"106":{"start":{"line":107,"column":0},"end":{"line":107,"column":32}},"107":{"start":{"line":108,"column":0},"end":{"line":108,"column":32}},"108":{"start":{"line":109,"column":0},"end":{"line":109,"column":41}},"109":{"start":{"line":110,"column":0},"end":{"line":110,"column":48}},"110":{"start":{"line":111,"column":0},"end":{"line":111,"column":8}},"112":{"start":{"line":113,"column":0},"end":{"line":113,"column":14}},"113":{"start":{"line":114,"column":0},"end":{"line":114,"column":99}},"114":{"start":{"line":115,"column":0},"end":{"line":115,"column":53}},"115":{"start":{"line":116,"column":0},"end":{"line":116,"column":27}},"116":{"start":{"line":117,"column":0},"end":{"line":117,"column":12}},"117":{"start":{"line":118,"column":0},"end":{"line":118,"column":49}},"118":{"start":{"line":119,"column":0},"end":{"line":119,"column":5}},"119":{"start":{"line":120,"column":0},"end":{"line":120,"column":3}},"120":{"start":{"line":121,"column":0},"end":{"line":121,"column":4}},"121":{"start":{"line":122,"column":0},"end":{"line":122,"column":24}},"124":{"start":{"line":125,"column":0},"end":{"line":125,"column":111}},"125":{"start":{"line":126,"column":0},"end":{"line":126,"column":7}},"126":{"start":{"line":127,"column":0},"end":{"line":127,"column":49}},"127":{"start":{"line":128,"column":0},"end":{"line":128,"column":59}},"128":{"start":{"line":129,"column":0},"end":{"line":129,"column":81}},"129":{"start":{"line":130,"column":0},"end":{"line":130,"column":5}},"131":{"start":{"line":132,"column":0},"end":{"line":132,"column":51}},"132":{"start":{"line":133,"column":0},"end":{"line":133,"column":67}},"133":{"start":{"line":134,"column":0},"end":{"line":134,"column":60}},"134":{"start":{"line":135,"column":0},"end":{"line":135,"column":11}},"135":{"start":{"line":136,"column":0},"end":{"line":136,"column":19}},"136":{"start":{"line":137,"column":0},"end":{"line":137,"column":53}},"137":{"start":{"line":138,"column":0},"end":{"line":138,"column":75}},"138":{"start":{"line":139,"column":0},"end":{"line":139,"column":3}},"139":{"start":{"line":140,"column":0},"end":{"line":140,"column":2}},"142":{"start":{"line":143,"column":0},"end":{"line":143,"column":34}},"143":{"start":{"line":144,"column":0},"end":{"line":144,"column":41}},"144":{"start":{"line":145,"column":0},"end":{"line":145,"column":10}},"145":{"start":{"line":146,"column":0},"end":{"line":146,"column":24}},"146":{"start":{"line":147,"column":0},"end":{"line":147,"column":23}},"147":{"start":{"line":148,"column":0},"end":{"line":148,"column":35}},"148":{"start":{"line":149,"column":0},"end":{"line":149,"column":73}},"149":{"start":{"line":150,"column":0},"end":{"line":150,"column":4}},"150":{"start":{"line":151,"column":0},"end":{"line":151,"column":45}},"151":{"start":{"line":152,"column":0},"end":{"line":152,"column":26}},"152":{"start":{"line":153,"column":0},"end":{"line":153,"column":90}},"153":{"start":{"line":154,"column":0},"end":{"line":154,"column":7}},"154":{"start":{"line":155,"column":0},"end":{"line":155,"column":3}},"155":{"start":{"line":156,"column":0},"end":{"line":156,"column":3}},"157":{"start":{"line":158,"column":0},"end":{"line":158,"column":30}},"158":{"start":{"line":159,"column":0},"end":{"line":159,"column":27}},"159":{"start":{"line":160,"column":0},"end":{"line":160,"column":11}},"160":{"start":{"line":161,"column":0},"end":{"line":161,"column":24}},"161":{"start":{"line":162,"column":0},"end":{"line":162,"column":23}},"162":{"start":{"line":163,"column":0},"end":{"line":163,"column":96}},"163":{"start":{"line":164,"column":0},"end":{"line":164,"column":45}},"164":{"start":{"line":165,"column":0},"end":{"line":165,"column":26}},"165":{"start":{"line":166,"column":0},"end":{"line":166,"column":65}},"166":{"start":{"line":167,"column":0},"end":{"line":167,"column":7}},"167":{"start":{"line":168,"column":0},"end":{"line":168,"column":3}},"168":{"start":{"line":169,"column":0},"end":{"line":169,"column":3}},"170":{"start":{"line":171,"column":0},"end":{"line":171,"column":31}},"171":{"start":{"line":172,"column":0},"end":{"line":172,"column":27}},"172":{"start":{"line":173,"column":0},"end":{"line":173,"column":10}},"173":{"start":{"line":174,"column":0},"end":{"line":174,"column":24}},"174":{"start":{"line":175,"column":0},"end":{"line":175,"column":23}},"175":{"start":{"line":176,"column":0},"end":{"line":176,"column":96}},"176":{"start":{"line":177,"column":0},"end":{"line":177,"column":45}},"177":{"start":{"line":178,"column":0},"end":{"line":178,"column":26}},"178":{"start":{"line":179,"column":0},"end":{"line":179,"column":72}},"179":{"start":{"line":180,"column":0},"end":{"line":180,"column":7}},"180":{"start":{"line":181,"column":0},"end":{"line":181,"column":3}},"181":{"start":{"line":182,"column":0},"end":{"line":182,"column":3}},"188":{"start":{"line":189,"column":0},"end":{"line":189,"column":27}},"189":{"start":{"line":190,"column":0},"end":{"line":190,"column":47}},"191":{"start":{"line":192,"column":0},"end":{"line":192,"column":33}},"192":{"start":{"line":193,"column":0},"end":{"line":193,"column":7}},"193":{"start":{"line":194,"column":0},"end":{"line":194,"column":69}},"194":{"start":{"line":195,"column":0},"end":{"line":195,"column":78}},"195":{"start":{"line":196,"column":0},"end":{"line":196,"column":26}},"196":{"start":{"line":197,"column":0},"end":{"line":197,"column":93}},"197":{"start":{"line":198,"column":0},"end":{"line":198,"column":17}},"198":{"start":{"line":199,"column":0},"end":{"line":199,"column":85}},"199":{"start":{"line":200,"column":0},"end":{"line":200,"column":3}},"200":{"start":{"line":201,"column":0},"end":{"line":201,"column":1}},"202":{"start":{"line":203,"column":0},"end":{"line":203,"column":22}},"203":{"start":{"line":204,"column":0},"end":{"line":204,"column":7}},"204":{"start":{"line":205,"column":0},"end":{"line":205,"column":47}},"205":{"start":{"line":206,"column":0},"end":{"line":206,"column":63}},"207":{"start":{"line":208,"column":0},"end":{"line":208,"column":60}},"208":{"start":{"line":209,"column":0},"end":{"line":209,"column":78}},"209":{"start":{"line":210,"column":0},"end":{"line":210,"column":5}},"211":{"start":{"line":212,"column":0},"end":{"line":212,"column":86}},"212":{"start":{"line":213,"column":0},"end":{"line":213,"column":81}},"213":{"start":{"line":214,"column":0},"end":{"line":214,"column":147}},"214":{"start":{"line":215,"column":0},"end":{"line":215,"column":17}},"215":{"start":{"line":216,"column":0},"end":{"line":216,"column":78}},"216":{"start":{"line":217,"column":0},"end":{"line":217,"column":48}},"217":{"start":{"line":218,"column":0},"end":{"line":218,"column":49}},"218":{"start":{"line":219,"column":0},"end":{"line":219,"column":5}},"219":{"start":{"line":220,"column":0},"end":{"line":220,"column":3}},"220":{"start":{"line":221,"column":0},"end":{"line":221,"column":1}},"223":{"start":{"line":224,"column":0},"end":{"line":224,"column":44}},"224":{"start":{"line":225,"column":0},"end":{"line":225,"column":38}},"225":{"start":{"line":226,"column":0},"end":{"line":226,"column":25}},"226":{"start":{"line":227,"column":0},"end":{"line":227,"column":72}},"227":{"start":{"line":228,"column":0},"end":{"line":228,"column":3}},"228":{"start":{"line":229,"column":0},"end":{"line":229,"column":27}},"229":{"start":{"line":230,"column":0},"end":{"line":230,"column":50}},"230":{"start":{"line":231,"column":0},"end":{"line":231,"column":3}},"231":{"start":{"line":232,"column":0},"end":{"line":232,"column":34}},"232":{"start":{"line":233,"column":0},"end":{"line":233,"column":137}},"233":{"start":{"line":234,"column":0},"end":{"line":234,"column":20}},"234":{"start":{"line":235,"column":0},"end":{"line":235,"column":10}},"235":{"start":{"line":236,"column":0},"end":{"line":236,"column":84}},"236":{"start":{"line":237,"column":0},"end":{"line":237,"column":3}},"237":{"start":{"line":238,"column":0},"end":{"line":238,"column":1}},"240":{"start":{"line":241,"column":0},"end":{"line":241,"column":133}},"241":{"start":{"line":242,"column":0},"end":{"line":242,"column":25}},"242":{"start":{"line":243,"column":0},"end":{"line":243,"column":154}},"243":{"start":{"line":244,"column":0},"end":{"line":244,"column":3}},"245":{"start":{"line":246,"column":0},"end":{"line":246,"column":37}},"246":{"start":{"line":247,"column":0},"end":{"line":247,"column":9}},"247":{"start":{"line":248,"column":0},"end":{"line":248,"column":27}},"249":{"start":{"line":250,"column":0},"end":{"line":250,"column":64}},"250":{"start":{"line":251,"column":0},"end":{"line":251,"column":71}},"251":{"start":{"line":252,"column":0},"end":{"line":252,"column":27}},"252":{"start":{"line":253,"column":0},"end":{"line":253,"column":11}},"253":{"start":{"line":254,"column":0},"end":{"line":254,"column":40}},"254":{"start":{"line":255,"column":0},"end":{"line":255,"column":14}},"256":{"start":{"line":257,"column":0},"end":{"line":257,"column":64}},"257":{"start":{"line":258,"column":0},"end":{"line":258,"column":71}},"258":{"start":{"line":259,"column":0},"end":{"line":259,"column":27}},"259":{"start":{"line":260,"column":0},"end":{"line":260,"column":11}},"260":{"start":{"line":261,"column":0},"end":{"line":261,"column":69}},"261":{"start":{"line":262,"column":0},"end":{"line":262,"column":7}},"262":{"start":{"line":263,"column":0},"end":{"line":263,"column":26}},"263":{"start":{"line":264,"column":0},"end":{"line":264,"column":79}},"264":{"start":{"line":265,"column":0},"end":{"line":265,"column":44}},"265":{"start":{"line":266,"column":0},"end":{"line":266,"column":71}},"266":{"start":{"line":267,"column":0},"end":{"line":267,"column":74}},"267":{"start":{"line":268,"column":0},"end":{"line":268,"column":57}},"268":{"start":{"line":269,"column":0},"end":{"line":269,"column":43}},"269":{"start":{"line":270,"column":0},"end":{"line":270,"column":107}},"270":{"start":{"line":271,"column":0},"end":{"line":271,"column":65}},"271":{"start":{"line":272,"column":0},"end":{"line":272,"column":42}},"272":{"start":{"line":273,"column":0},"end":{"line":273,"column":17}},"273":{"start":{"line":274,"column":0},"end":{"line":274,"column":7}},"274":{"start":{"line":275,"column":0},"end":{"line":275,"column":18}},"275":{"start":{"line":276,"column":0},"end":{"line":276,"column":5}},"276":{"start":{"line":277,"column":0},"end":{"line":277,"column":3}},"277":{"start":{"line":278,"column":0},"end":{"line":278,"column":63}},"278":{"start":{"line":279,"column":0},"end":{"line":279,"column":1}},"281":{"start":{"line":282,"column":0},"end":{"line":282,"column":123}},"282":{"start":{"line":283,"column":0},"end":{"line":283,"column":7}},"283":{"start":{"line":284,"column":0},"end":{"line":284,"column":57}},"284":{"start":{"line":285,"column":0},"end":{"line":285,"column":30}},"285":{"start":{"line":286,"column":0},"end":{"line":286,"column":99}},"286":{"start":{"line":287,"column":0},"end":{"line":287,"column":5}},"287":{"start":{"line":288,"column":0},"end":{"line":288,"column":40}},"289":{"start":{"line":290,"column":0},"end":{"line":290,"column":27}},"290":{"start":{"line":291,"column":0},"end":{"line":291,"column":35}},"291":{"start":{"line":292,"column":0},"end":{"line":292,"column":147}},"292":{"start":{"line":293,"column":0},"end":{"line":293,"column":9}},"293":{"start":{"line":294,"column":0},"end":{"line":294,"column":5}},"295":{"start":{"line":296,"column":0},"end":{"line":296,"column":57}},"296":{"start":{"line":297,"column":0},"end":{"line":297,"column":81}},"299":{"start":{"line":300,"column":0},"end":{"line":300,"column":67}},"300":{"start":{"line":301,"column":0},"end":{"line":301,"column":58}},"302":{"start":{"line":303,"column":0},"end":{"line":303,"column":57}},"303":{"start":{"line":304,"column":0},"end":{"line":304,"column":55}},"304":{"start":{"line":305,"column":0},"end":{"line":305,"column":64}},"307":{"start":{"line":308,"column":0},"end":{"line":308,"column":363}},"309":{"start":{"line":310,"column":0},"end":{"line":310,"column":79}},"310":{"start":{"line":311,"column":0},"end":{"line":311,"column":90}},"311":{"start":{"line":312,"column":0},"end":{"line":312,"column":45}},"312":{"start":{"line":313,"column":0},"end":{"line":313,"column":19}},"313":{"start":{"line":314,"column":0},"end":{"line":314,"column":60}},"314":{"start":{"line":315,"column":0},"end":{"line":315,"column":100}},"315":{"start":{"line":316,"column":0},"end":{"line":316,"column":3}},"316":{"start":{"line":317,"column":0},"end":{"line":317,"column":3}},"319":{"start":{"line":320,"column":0},"end":{"line":320,"column":119}},"320":{"start":{"line":321,"column":0},"end":{"line":321,"column":7}},"321":{"start":{"line":322,"column":0},"end":{"line":322,"column":61}},"322":{"start":{"line":323,"column":0},"end":{"line":323,"column":30}},"323":{"start":{"line":324,"column":0},"end":{"line":324,"column":99}},"324":{"start":{"line":325,"column":0},"end":{"line":325,"column":5}},"325":{"start":{"line":326,"column":0},"end":{"line":326,"column":112}},"327":{"start":{"line":328,"column":0},"end":{"line":328,"column":57}},"328":{"start":{"line":329,"column":0},"end":{"line":329,"column":114}},"330":{"start":{"line":331,"column":0},"end":{"line":331,"column":55}},"331":{"start":{"line":332,"column":0},"end":{"line":332,"column":48}},"334":{"start":{"line":335,"column":0},"end":{"line":335,"column":73}},"335":{"start":{"line":336,"column":0},"end":{"line":336,"column":53}},"336":{"start":{"line":337,"column":0},"end":{"line":337,"column":28}},"337":{"start":{"line":338,"column":0},"end":{"line":338,"column":68}},"338":{"start":{"line":339,"column":0},"end":{"line":339,"column":7}},"340":{"start":{"line":341,"column":0},"end":{"line":341,"column":44}},"341":{"start":{"line":342,"column":0},"end":{"line":342,"column":41}},"342":{"start":{"line":343,"column":0},"end":{"line":343,"column":52}},"343":{"start":{"line":344,"column":0},"end":{"line":344,"column":47}},"344":{"start":{"line":345,"column":0},"end":{"line":345,"column":58}},"345":{"start":{"line":346,"column":0},"end":{"line":346,"column":65}},"348":{"start":{"line":349,"column":0},"end":{"line":349,"column":77}},"349":{"start":{"line":350,"column":0},"end":{"line":350,"column":88}},"351":{"start":{"line":352,"column":0},"end":{"line":352,"column":28}},"352":{"start":{"line":353,"column":0},"end":{"line":353,"column":28}},"354":{"start":{"line":355,"column":0},"end":{"line":355,"column":32}},"356":{"start":{"line":357,"column":0},"end":{"line":357,"column":73}},"357":{"start":{"line":358,"column":0},"end":{"line":358,"column":80}},"358":{"start":{"line":359,"column":0},"end":{"line":359,"column":36}},"359":{"start":{"line":360,"column":0},"end":{"line":360,"column":47}},"360":{"start":{"line":361,"column":0},"end":{"line":361,"column":62}},"361":{"start":{"line":362,"column":0},"end":{"line":362,"column":42}},"362":{"start":{"line":363,"column":0},"end":{"line":363,"column":9}},"363":{"start":{"line":364,"column":0},"end":{"line":364,"column":40}},"364":{"start":{"line":365,"column":0},"end":{"line":365,"column":44}},"365":{"start":{"line":366,"column":0},"end":{"line":366,"column":35}},"366":{"start":{"line":367,"column":0},"end":{"line":367,"column":70}},"367":{"start":{"line":368,"column":0},"end":{"line":368,"column":9}},"368":{"start":{"line":369,"column":0},"end":{"line":369,"column":41}},"369":{"start":{"line":370,"column":0},"end":{"line":370,"column":14}},"371":{"start":{"line":372,"column":0},"end":{"line":372,"column":100}},"372":{"start":{"line":373,"column":0},"end":{"line":373,"column":108}},"373":{"start":{"line":374,"column":0},"end":{"line":374,"column":36}},"374":{"start":{"line":375,"column":0},"end":{"line":375,"column":47}},"375":{"start":{"line":376,"column":0},"end":{"line":376,"column":7}},"377":{"start":{"line":378,"column":0},"end":{"line":378,"column":52}},"389":{"start":{"line":390,"column":0},"end":{"line":390,"column":40}},"390":{"start":{"line":391,"column":0},"end":{"line":391,"column":33}},"391":{"start":{"line":392,"column":0},"end":{"line":392,"column":18}},"392":{"start":{"line":393,"column":0},"end":{"line":393,"column":29}},"393":{"start":{"line":394,"column":0},"end":{"line":394,"column":25}},"394":{"start":{"line":395,"column":0},"end":{"line":395,"column":8}},"396":{"start":{"line":397,"column":0},"end":{"line":397,"column":36}},"397":{"start":{"line":398,"column":0},"end":{"line":398,"column":37}},"398":{"start":{"line":399,"column":0},"end":{"line":399,"column":7}},"400":{"start":{"line":401,"column":0},"end":{"line":401,"column":47}},"403":{"start":{"line":404,"column":0},"end":{"line":404,"column":38}},"404":{"start":{"line":405,"column":0},"end":{"line":405,"column":24}},"405":{"start":{"line":406,"column":0},"end":{"line":406,"column":17}},"406":{"start":{"line":407,"column":0},"end":{"line":407,"column":23}},"407":{"start":{"line":408,"column":0},"end":{"line":408,"column":43}},"408":{"start":{"line":409,"column":0},"end":{"line":409,"column":8}},"409":{"start":{"line":410,"column":0},"end":{"line":410,"column":43}},"411":{"start":{"line":412,"column":0},"end":{"line":412,"column":14}},"412":{"start":{"line":413,"column":0},"end":{"line":413,"column":20}},"413":{"start":{"line":414,"column":0},"end":{"line":414,"column":18}},"414":{"start":{"line":415,"column":0},"end":{"line":415,"column":65}},"415":{"start":{"line":416,"column":0},"end":{"line":416,"column":29}},"416":{"start":{"line":417,"column":0},"end":{"line":417,"column":33}},"417":{"start":{"line":418,"column":0},"end":{"line":418,"column":25}},"418":{"start":{"line":419,"column":0},"end":{"line":419,"column":8}},"419":{"start":{"line":420,"column":0},"end":{"line":420,"column":7}},"421":{"start":{"line":422,"column":0},"end":{"line":422,"column":95}},"422":{"start":{"line":423,"column":0},"end":{"line":423,"column":34}},"423":{"start":{"line":424,"column":0},"end":{"line":424,"column":24}},"424":{"start":{"line":425,"column":0},"end":{"line":425,"column":66}},"425":{"start":{"line":426,"column":0},"end":{"line":426,"column":113}},"426":{"start":{"line":427,"column":0},"end":{"line":427,"column":3}},"427":{"start":{"line":428,"column":0},"end":{"line":428,"column":3}},"430":{"start":{"line":431,"column":0},"end":{"line":431,"column":122}},"431":{"start":{"line":432,"column":0},"end":{"line":432,"column":7}},"432":{"start":{"line":433,"column":0},"end":{"line":433,"column":63}},"433":{"start":{"line":434,"column":0},"end":{"line":434,"column":30}},"434":{"start":{"line":435,"column":0},"end":{"line":435,"column":99}},"435":{"start":{"line":436,"column":0},"end":{"line":436,"column":5}},"436":{"start":{"line":437,"column":0},"end":{"line":437,"column":44}},"438":{"start":{"line":439,"column":0},"end":{"line":439,"column":57}},"439":{"start":{"line":440,"column":0},"end":{"line":440,"column":101}},"441":{"start":{"line":442,"column":0},"end":{"line":442,"column":55}},"442":{"start":{"line":443,"column":0},"end":{"line":443,"column":70}},"443":{"start":{"line":444,"column":0},"end":{"line":444,"column":48}},"445":{"start":{"line":446,"column":0},"end":{"line":446,"column":72}},"446":{"start":{"line":447,"column":0},"end":{"line":447,"column":53}},"447":{"start":{"line":448,"column":0},"end":{"line":448,"column":63}},"449":{"start":{"line":450,"column":0},"end":{"line":450,"column":28}},"450":{"start":{"line":451,"column":0},"end":{"line":451,"column":56}},"451":{"start":{"line":452,"column":0},"end":{"line":452,"column":7}},"452":{"start":{"line":453,"column":0},"end":{"line":453,"column":33}},"453":{"start":{"line":454,"column":0},"end":{"line":454,"column":53}},"454":{"start":{"line":455,"column":0},"end":{"line":455,"column":7}},"456":{"start":{"line":457,"column":0},"end":{"line":457,"column":44}},"457":{"start":{"line":458,"column":0},"end":{"line":458,"column":54}},"459":{"start":{"line":460,"column":0},"end":{"line":460,"column":63}},"460":{"start":{"line":461,"column":0},"end":{"line":461,"column":51}},"461":{"start":{"line":462,"column":0},"end":{"line":462,"column":52}},"462":{"start":{"line":463,"column":0},"end":{"line":463,"column":7}},"465":{"start":{"line":466,"column":0},"end":{"line":466,"column":41}},"466":{"start":{"line":467,"column":0},"end":{"line":467,"column":41}},"467":{"start":{"line":468,"column":0},"end":{"line":468,"column":47}},"468":{"start":{"line":469,"column":0},"end":{"line":469,"column":49}},"469":{"start":{"line":470,"column":0},"end":{"line":470,"column":52}},"478":{"start":{"line":479,"column":0},"end":{"line":479,"column":49}},"479":{"start":{"line":480,"column":0},"end":{"line":480,"column":25}},"480":{"start":{"line":481,"column":0},"end":{"line":481,"column":17}},"481":{"start":{"line":482,"column":0},"end":{"line":482,"column":8}},"482":{"start":{"line":483,"column":0},"end":{"line":483,"column":36}},"483":{"start":{"line":484,"column":0},"end":{"line":484,"column":37}},"484":{"start":{"line":485,"column":0},"end":{"line":485,"column":7}},"487":{"start":{"line":488,"column":0},"end":{"line":488,"column":47}},"490":{"start":{"line":491,"column":0},"end":{"line":491,"column":54}},"491":{"start":{"line":492,"column":0},"end":{"line":492,"column":82}},"492":{"start":{"line":493,"column":0},"end":{"line":493,"column":56}},"493":{"start":{"line":494,"column":0},"end":{"line":494,"column":104}},"495":{"start":{"line":496,"column":0},"end":{"line":496,"column":33}},"496":{"start":{"line":497,"column":0},"end":{"line":497,"column":64}},"497":{"start":{"line":498,"column":0},"end":{"line":498,"column":82}},"498":{"start":{"line":499,"column":0},"end":{"line":499,"column":26}},"501":{"start":{"line":502,"column":0},"end":{"line":502,"column":38}},"502":{"start":{"line":503,"column":0},"end":{"line":503,"column":34}},"503":{"start":{"line":504,"column":0},"end":{"line":504,"column":15}},"504":{"start":{"line":505,"column":0},"end":{"line":505,"column":57}},"505":{"start":{"line":506,"column":0},"end":{"line":506,"column":30}},"506":{"start":{"line":507,"column":0},"end":{"line":507,"column":20}},"507":{"start":{"line":508,"column":0},"end":{"line":508,"column":88}},"508":{"start":{"line":509,"column":0},"end":{"line":509,"column":43}},"509":{"start":{"line":510,"column":0},"end":{"line":510,"column":9}},"511":{"start":{"line":512,"column":0},"end":{"line":512,"column":14}},"512":{"start":{"line":513,"column":0},"end":{"line":513,"column":20}},"513":{"start":{"line":514,"column":0},"end":{"line":514,"column":18}},"514":{"start":{"line":515,"column":0},"end":{"line":515,"column":65}},"515":{"start":{"line":516,"column":0},"end":{"line":516,"column":45}},"516":{"start":{"line":517,"column":0},"end":{"line":517,"column":53}},"517":{"start":{"line":518,"column":0},"end":{"line":518,"column":60}},"518":{"start":{"line":519,"column":0},"end":{"line":519,"column":24}},"519":{"start":{"line":520,"column":0},"end":{"line":520,"column":8}},"520":{"start":{"line":521,"column":0},"end":{"line":521,"column":7}},"522":{"start":{"line":523,"column":0},"end":{"line":523,"column":102}},"523":{"start":{"line":524,"column":0},"end":{"line":524,"column":33}},"524":{"start":{"line":525,"column":0},"end":{"line":525,"column":24}},"525":{"start":{"line":526,"column":0},"end":{"line":526,"column":53}},"526":{"start":{"line":527,"column":0},"end":{"line":527,"column":105}},"527":{"start":{"line":528,"column":0},"end":{"line":528,"column":3}},"528":{"start":{"line":529,"column":0},"end":{"line":529,"column":3}},"531":{"start":{"line":532,"column":0},"end":{"line":532,"column":38}},"532":{"start":{"line":533,"column":0},"end":{"line":533,"column":38}},"533":{"start":{"line":534,"column":0},"end":{"line":534,"column":26}},"534":{"start":{"line":535,"column":0},"end":{"line":535,"column":76}},"535":{"start":{"line":536,"column":0},"end":{"line":536,"column":5}},"536":{"start":{"line":537,"column":0},"end":{"line":537,"column":1}},"538":{"start":{"line":539,"column":0},"end":{"line":539,"column":19}}},"s":{"0":1,"1":1,"2":1,"3":1,"4":1,"5":1,"6":1,"7":1,"8":1,"9":1,"12":1,"13":1,"14":1,"16":1,"17":1,"18":1,"19":1,"20":1,"21":1,"22":1,"23":1,"24":1,"25":1,"26":1,"27":1,"28":1,"29":1,"31":1,"32":1,"33":1,"41":1,"42":1,"43":1,"44":1,"45":1,"46":1,"47":1,"49":1,"50":2,"51":1,"52":1,"53":1,"54":1,"55":1,"56":1,"57":2,"60":1,"61":1,"62":1,"63":1,"64":1,"65":1,"67":1,"68":1,"69":1,"70":1,"71":1,"72":1,"73":1,"77":1,"78":1,"79":0,"80":0,"81":0,"82":1,"83":1,"84":0,"85":0,"86":0,"87":0,"88":0,"89":0,"90":1,"92":1,"95":1,"98":1,"99":1,"100":0,"101":0,"102":0,"103":0,"104":0,"105":0,"106":0,"107":0,"108":0,"109":0,"110":0,"112":1,"113":1,"114":4,"115":4,"116":4,"117":0,"118":0,"119":4,"120":1,"121":1,"124":1,"125":4,"126":4,"127":4,"128":1,"129":1,"131":3,"132":3,"133":3,"134":3,"135":4,"136":0,"137":0,"138":0,"139":4,"142":1,"143":1,"144":1,"145":1,"146":1,"147":1,"148":1,"149":1,"150":1,"151":0,"152":0,"153":0,"154":0,"155":1,"157":1,"158":1,"159":1,"160":1,"161":1,"162":1,"163":1,"164":0,"165":0,"166":0,"167":0,"168":1,"170":1,"171":1,"172":1,"173":1,"174":1,"175":1,"176":1,"177":0,"178":0,"179":0,"180":0,"181":1,"188":1,"189":1,"191":1,"192":1,"193":1,"194":1,"195":1,"196":1,"197":1,"198":0,"199":0,"200":1,"202":1,"203":0,"204":0,"205":0,"207":0,"208":0,"209":0,"211":0,"212":0,"213":0,"214":0,"215":0,"216":0,"217":0,"218":0,"219":0,"220":0,"223":1,"224":0,"225":0,"226":0,"227":0,"228":0,"229":0,"230":0,"231":0,"232":0,"233":0,"234":0,"235":0,"236":0,"237":0,"240":1,"241":1,"242":0,"243":0,"245":1,"246":1,"247":1,"249":1,"250":1,"251":1,"252":1,"253":1,"254":1,"256":0,"257":0,"258":0,"259":0,"260":0,"261":0,"262":1,"263":0,"264":0,"265":0,"266":0,"267":0,"268":0,"269":0,"270":0,"271":0,"272":0,"273":0,"274":0,"275":0,"276":1,"277":0,"278":0,"281":1,"282":1,"283":1,"284":1,"285":0,"286":0,"287":1,"289":1,"290":0,"291":0,"292":0,"293":0,"295":1,"296":1,"299":1,"300":1,"302":1,"303":1,"304":1,"307":1,"309":1,"310":1,"311":1,"312":1,"313":0,"314":0,"315":0,"316":1,"319":1,"320":1,"321":1,"322":1,"323":0,"324":0,"325":1,"327":1,"328":1,"330":1,"331":1,"334":1,"335":1,"336":1,"337":0,"338":0,"340":1,"341":1,"342":1,"343":1,"344":1,"345":1,"348":1,"349":1,"351":1,"352":1,"354":1,"356":0,"357":0,"358":0,"359":0,"360":0,"361":0,"362":0,"363":1,"364":0,"365":0,"366":0,"367":0,"368":0,"369":1,"371":1,"372":1,"373":1,"374":1,"375":1,"377":1,"389":1,"390":1,"391":1,"392":1,"393":1,"394":1,"396":1,"397":0,"398":0,"400":1,"403":1,"404":1,"405":1,"406":1,"407":1,"408":1,"409":1,"411":1,"412":1,"413":1,"414":1,"415":1,"416":1,"417":1,"418":1,"419":1,"421":1,"422":1,"423":1,"424":0,"425":0,"426":0,"427":1,"430":1,"431":1,"432":1,"433":1,"434":0,"435":0,"436":1,"438":1,"439":1,"441":1,"442":1,"443":1,"445":1,"446":1,"447":1,"449":1,"450":0,"451":0,"452":1,"453":0,"454":0,"456":1,"457":1,"459":1,"460":1,"461":0,"462":0,"465":1,"466":1,"467":1,"468":1,"469":1,"478":1,"479":1,"480":1,"481":1,"482":1,"483":0,"484":0,"487":1,"490":1,"491":1,"492":1,"493":1,"495":1,"496":1,"497":1,"498":1,"501":1,"502":1,"503":1,"504":1,"505":1,"506":1,"507":1,"508":1,"509":1,"511":1,"512":1,"513":1,"514":1,"515":1,"516":1,"517":1,"518":1,"519":1,"520":1,"522":1,"523":1,"524":1,"525":0,"526":0,"527":0,"528":1,"531":1,"532":1,"533":0,"534":0,"535":0,"536":0,"538":1},"branchMap":{"0":{"type":"branch","line":50,"loc":{"start":{"line":50,"column":38},"end":{"line":58,"column":1}},"locations":[{"start":{"line":50,"column":38},"end":{"line":58,"column":1}}]},"1":{"type":"branch","line":51,"loc":{"start":{"line":51,"column":30},"end":{"line":57,"column":3}},"locations":[{"start":{"line":51,"column":30},"end":{"line":57,"column":3}}]},"2":{"type":"branch","line":79,"loc":{"start":{"line":79,"column":31},"end":{"line":79,"column":94}},"locations":[{"start":{"line":79,"column":31},"end":{"line":79,"column":94}}]},"3":{"type":"branch","line":79,"loc":{"start":{"line":79,"column":60},"end":{"line":79,"column":118}},"locations":[{"start":{"line":79,"column":60},"end":{"line":79,"column":118}}]},"4":{"type":"branch","line":79,"loc":{"start":{"line":79,"column":118},"end":{"line":82,"column":3}},"locations":[{"start":{"line":79,"column":118},"end":{"line":82,"column":3}}]},"5":{"type":"branch","line":85,"loc":{"start":{"line":85,"column":0},"end":{"line":90,"column":1}},"locations":[{"start":{"line":85,"column":0},"end":{"line":90,"column":1}}]},"6":{"type":"branch","line":100,"loc":{"start":{"line":100,"column":41},"end":{"line":111,"column":8}},"locations":[{"start":{"line":100,"column":41},"end":{"line":111,"column":8}}]},"7":{"type":"branch","line":198,"loc":{"start":{"line":198,"column":2},"end":{"line":200,"column":3}},"locations":[{"start":{"line":198,"column":2},"end":{"line":200,"column":3}}]},"8":{"type":"branch","line":203,"loc":{"start":{"line":203,"column":21},"end":{"line":221,"column":1}},"locations":[{"start":{"line":203,"column":21},"end":{"line":221,"column":1}}]},"9":{"type":"branch","line":224,"loc":{"start":{"line":224,"column":43},"end":{"line":238,"column":1}},"locations":[{"start":{"line":224,"column":43},"end":{"line":238,"column":1}}]},"10":{"type":"branch","line":533,"loc":{"start":{"line":533,"column":37},"end":{"line":537,"column":1}},"locations":[{"start":{"line":533,"column":37},"end":{"line":537,"column":1}}]},"11":{"type":"branch","line":114,"loc":{"start":{"line":114,"column":10},"end":{"line":120,"column":3}},"locations":[{"start":{"line":114,"column":10},"end":{"line":120,"column":3}}]},"12":{"type":"branch","line":115,"loc":{"start":{"line":115,"column":9},"end":{"line":115,"column":52}},"locations":[{"start":{"line":115,"column":9},"end":{"line":115,"column":52}}]},"13":{"type":"branch","line":117,"loc":{"start":{"line":117,"column":4},"end":{"line":119,"column":5}},"locations":[{"start":{"line":117,"column":4},"end":{"line":119,"column":5}}]},"14":{"type":"branch","line":125,"loc":{"start":{"line":125,"column":25},"end":{"line":140,"column":2}},"locations":[{"start":{"line":125,"column":25},"end":{"line":140,"column":2}}]},"15":{"type":"branch","line":128,"loc":{"start":{"line":128,"column":9},"end":{"line":128,"column":58}},"locations":[{"start":{"line":128,"column":9},"end":{"line":128,"column":58}}]},"16":{"type":"branch","line":128,"loc":{"start":{"line":128,"column":58},"end":{"line":130,"column":5}},"locations":[{"start":{"line":128,"column":58},"end":{"line":130,"column":5}}]},"17":{"type":"branch","line":130,"loc":{"start":{"line":130,"column":4},"end":{"line":136,"column":11}},"locations":[{"start":{"line":130,"column":4},"end":{"line":136,"column":11}}]},"18":{"type":"branch","line":136,"loc":{"start":{"line":136,"column":2},"end":{"line":139,"column":3}},"locations":[{"start":{"line":136,"column":2},"end":{"line":139,"column":3}}]},"19":{"type":"branch","line":148,"loc":{"start":{"line":148,"column":16},"end":{"line":150,"column":4}},"locations":[{"start":{"line":148,"column":16},"end":{"line":150,"column":4}}]},"20":{"type":"branch","line":149,"loc":{"start":{"line":149,"column":41},"end":{"line":149,"column":61}},"locations":[{"start":{"line":149,"column":41},"end":{"line":149,"column":61}}]},"21":{"type":"branch","line":149,"loc":{"start":{"line":149,"column":55},"end":{"line":149,"column":73}},"locations":[{"start":{"line":149,"column":55},"end":{"line":149,"column":73}}]},"22":{"type":"branch","line":163,"loc":{"start":{"line":163,"column":16},"end":{"line":163,"column":96}},"locations":[{"start":{"line":163,"column":16},"end":{"line":163,"column":96}}]},"23":{"type":"branch","line":163,"loc":{"start":{"line":163,"column":64},"end":{"line":163,"column":84}},"locations":[{"start":{"line":163,"column":64},"end":{"line":163,"column":84}}]},"24":{"type":"branch","line":163,"loc":{"start":{"line":163,"column":78},"end":{"line":163,"column":96}},"locations":[{"start":{"line":163,"column":78},"end":{"line":163,"column":96}}]},"25":{"type":"branch","line":176,"loc":{"start":{"line":176,"column":16},"end":{"line":176,"column":96}},"locations":[{"start":{"line":176,"column":16},"end":{"line":176,"column":96}}]},"26":{"type":"branch","line":176,"loc":{"start":{"line":176,"column":64},"end":{"line":176,"column":84}},"locations":[{"start":{"line":176,"column":64},"end":{"line":176,"column":84}}]},"27":{"type":"branch","line":176,"loc":{"start":{"line":176,"column":78},"end":{"line":176,"column":96}},"locations":[{"start":{"line":176,"column":78},"end":{"line":176,"column":96}}]},"28":{"type":"branch","line":241,"loc":{"start":{"line":241,"column":0},"end":{"line":279,"column":1}},"locations":[{"start":{"line":241,"column":0},"end":{"line":279,"column":1}}]},"29":{"type":"branch","line":242,"loc":{"start":{"line":242,"column":24},"end":{"line":244,"column":3}},"locations":[{"start":{"line":242,"column":24},"end":{"line":244,"column":3}}]},"30":{"type":"branch","line":255,"loc":{"start":{"line":255,"column":6},"end":{"line":262,"column":7}},"locations":[{"start":{"line":255,"column":6},"end":{"line":262,"column":7}}]},"31":{"type":"branch","line":263,"loc":{"start":{"line":263,"column":4},"end":{"line":276,"column":5}},"locations":[{"start":{"line":263,"column":4},"end":{"line":276,"column":5}}]},"32":{"type":"branch","line":277,"loc":{"start":{"line":277,"column":2},"end":{"line":279,"column":1}},"locations":[{"start":{"line":277,"column":2},"end":{"line":279,"column":1}}]},"33":{"type":"branch","line":282,"loc":{"start":{"line":282,"column":64},"end":{"line":317,"column":3}},"locations":[{"start":{"line":282,"column":64},"end":{"line":317,"column":3}}]},"34":{"type":"branch","line":285,"loc":{"start":{"line":285,"column":29},"end":{"line":287,"column":5}},"locations":[{"start":{"line":285,"column":29},"end":{"line":287,"column":5}}]},"35":{"type":"branch","line":290,"loc":{"start":{"line":290,"column":26},"end":{"line":294,"column":5}},"locations":[{"start":{"line":290,"column":26},"end":{"line":294,"column":5}}]},"36":{"type":"branch","line":301,"loc":{"start":{"line":301,"column":51},"end":{"line":301,"column":58}},"locations":[{"start":{"line":301,"column":51},"end":{"line":301,"column":58}}]},"37":{"type":"branch","line":303,"loc":{"start":{"line":303,"column":36},"end":{"line":303,"column":57}},"locations":[{"start":{"line":303,"column":36},"end":{"line":303,"column":57}}]},"38":{"type":"branch","line":313,"loc":{"start":{"line":313,"column":2},"end":{"line":316,"column":3}},"locations":[{"start":{"line":313,"column":2},"end":{"line":316,"column":3}}]},"39":{"type":"branch","line":320,"loc":{"start":{"line":320,"column":60},"end":{"line":428,"column":3}},"locations":[{"start":{"line":320,"column":60},"end":{"line":428,"column":3}}]},"40":{"type":"branch","line":323,"loc":{"start":{"line":323,"column":29},"end":{"line":325,"column":5}},"locations":[{"start":{"line":323,"column":29},"end":{"line":325,"column":5}}]},"41":{"type":"branch","line":329,"loc":{"start":{"line":329,"column":89},"end":{"line":329,"column":110}},"locations":[{"start":{"line":329,"column":89},"end":{"line":329,"column":110}}]},"42":{"type":"branch","line":424,"loc":{"start":{"line":424,"column":2},"end":{"line":427,"column":3}},"locations":[{"start":{"line":424,"column":2},"end":{"line":427,"column":3}}]},"43":{"type":"branch","line":335,"loc":{"start":{"line":335,"column":49},"end":{"line":420,"column":5}},"locations":[{"start":{"line":335,"column":49},"end":{"line":420,"column":5}}]},"44":{"type":"branch","line":337,"loc":{"start":{"line":337,"column":27},"end":{"line":339,"column":7}},"locations":[{"start":{"line":337,"column":27},"end":{"line":339,"column":7}}]},"45":{"type":"branch","line":341,"loc":{"start":{"line":341,"column":36},"end":{"line":341,"column":44}},"locations":[{"start":{"line":341,"column":36},"end":{"line":341,"column":44}}]},"46":{"type":"branch","line":342,"loc":{"start":{"line":342,"column":33},"end":{"line":342,"column":41}},"locations":[{"start":{"line":342,"column":33},"end":{"line":342,"column":41}}]},"47":{"type":"branch","line":343,"loc":{"start":{"line":343,"column":37},"end":{"line":343,"column":52}},"locations":[{"start":{"line":343,"column":37},"end":{"line":343,"column":52}}]},"48":{"type":"branch","line":344,"loc":{"start":{"line":344,"column":36},"end":{"line":344,"column":47}},"locations":[{"start":{"line":344,"column":36},"end":{"line":344,"column":47}}]},"49":{"type":"branch","line":345,"loc":{"start":{"line":345,"column":37},"end":{"line":345,"column":58}},"locations":[{"start":{"line":345,"column":37},"end":{"line":345,"column":58}}]},"50":{"type":"branch","line":346,"loc":{"start":{"line":346,"column":41},"end":{"line":346,"column":65}},"locations":[{"start":{"line":346,"column":41},"end":{"line":346,"column":65}}]},"51":{"type":"branch","line":349,"loc":{"start":{"line":349,"column":33},"end":{"line":349,"column":50}},"locations":[{"start":{"line":349,"column":33},"end":{"line":349,"column":50}}]},"52":{"type":"branch","line":355,"loc":{"start":{"line":355,"column":31},"end":{"line":364,"column":17}},"locations":[{"start":{"line":355,"column":31},"end":{"line":364,"column":17}}]},"53":{"type":"branch","line":364,"loc":{"start":{"line":364,"column":39},"end":{"line":370,"column":13}},"locations":[{"start":{"line":364,"column":39},"end":{"line":370,"column":13}}]},"54":{"type":"branch","line":372,"loc":{"start":{"line":372,"column":90},"end":{"line":372,"column":97}},"locations":[{"start":{"line":372,"column":90},"end":{"line":372,"column":97}}]},"55":{"type":"branch","line":373,"loc":{"start":{"line":373,"column":99},"end":{"line":373,"column":105}},"locations":[{"start":{"line":373,"column":99},"end":{"line":373,"column":105}}]},"56":{"type":"branch","line":397,"loc":{"start":{"line":397,"column":35},"end":{"line":399,"column":7}},"locations":[{"start":{"line":397,"column":35},"end":{"line":399,"column":7}}]},"57":{"type":"branch","line":415,"loc":{"start":{"line":415,"column":26},"end":{"line":415,"column":52}},"locations":[{"start":{"line":415,"column":26},"end":{"line":415,"column":52}}]},"58":{"type":"branch","line":431,"loc":{"start":{"line":431,"column":63},"end":{"line":529,"column":3}},"locations":[{"start":{"line":431,"column":63},"end":{"line":529,"column":3}}]},"59":{"type":"branch","line":434,"loc":{"start":{"line":434,"column":29},"end":{"line":436,"column":5}},"locations":[{"start":{"line":434,"column":29},"end":{"line":436,"column":5}}]},"60":{"type":"branch","line":525,"loc":{"start":{"line":525,"column":2},"end":{"line":528,"column":3}},"locations":[{"start":{"line":525,"column":2},"end":{"line":528,"column":3}}]},"61":{"type":"branch","line":446,"loc":{"start":{"line":446,"column":48},"end":{"line":521,"column":5}},"locations":[{"start":{"line":446,"column":48},"end":{"line":521,"column":5}}]},"62":{"type":"branch","line":450,"loc":{"start":{"line":450,"column":27},"end":{"line":452,"column":7}},"locations":[{"start":{"line":450,"column":27},"end":{"line":452,"column":7}}]},"63":{"type":"branch","line":453,"loc":{"start":{"line":453,"column":32},"end":{"line":455,"column":7}},"locations":[{"start":{"line":453,"column":32},"end":{"line":455,"column":7}}]},"64":{"type":"branch","line":457,"loc":{"start":{"line":457,"column":36},"end":{"line":457,"column":44}},"locations":[{"start":{"line":457,"column":36},"end":{"line":457,"column":44}}]},"65":{"type":"branch","line":458,"loc":{"start":{"line":458,"column":46},"end":{"line":458,"column":54}},"locations":[{"start":{"line":458,"column":46},"end":{"line":458,"column":54}}]},"66":{"type":"branch","line":460,"loc":{"start":{"line":460,"column":40},"end":{"line":460,"column":63}},"locations":[{"start":{"line":460,"column":40},"end":{"line":460,"column":63}}]},"67":{"type":"branch","line":461,"loc":{"start":{"line":461,"column":50},"end":{"line":463,"column":7}},"locations":[{"start":{"line":461,"column":50},"end":{"line":463,"column":7}}]},"68":{"type":"branch","line":467,"loc":{"start":{"line":467,"column":33},"end":{"line":467,"column":41}},"locations":[{"start":{"line":467,"column":33},"end":{"line":467,"column":41}}]},"69":{"type":"branch","line":468,"loc":{"start":{"line":468,"column":36},"end":{"line":468,"column":47}},"locations":[{"start":{"line":468,"column":36},"end":{"line":468,"column":47}}]},"70":{"type":"branch","line":483,"loc":{"start":{"line":483,"column":35},"end":{"line":485,"column":7}},"locations":[{"start":{"line":483,"column":35},"end":{"line":485,"column":7}}]},"71":{"type":"branch","line":494,"loc":{"start":{"line":494,"column":58},"end":{"line":494,"column":68}},"locations":[{"start":{"line":494,"column":58},"end":{"line":494,"column":68}}]},"72":{"type":"branch","line":494,"loc":{"start":{"line":494,"column":64},"end":{"line":494,"column":104}},"locations":[{"start":{"line":494,"column":64},"end":{"line":494,"column":104}}]},"73":{"type":"branch","line":497,"loc":{"start":{"line":497,"column":37},"end":{"line":497,"column":62}},"locations":[{"start":{"line":497,"column":37},"end":{"line":497,"column":62}}]},"74":{"type":"branch","line":498,"loc":{"start":{"line":498,"column":28},"end":{"line":498,"column":45}},"locations":[{"start":{"line":498,"column":28},"end":{"line":498,"column":45}}]},"75":{"type":"branch","line":498,"loc":{"start":{"line":498,"column":59},"end":{"line":498,"column":82}},"locations":[{"start":{"line":498,"column":59},"end":{"line":498,"column":82}}]},"76":{"type":"branch","line":515,"loc":{"start":{"line":515,"column":26},"end":{"line":515,"column":52}},"locations":[{"start":{"line":515,"column":26},"end":{"line":515,"column":52}}]},"77":{"type":"branch","line":516,"loc":{"start":{"line":516,"column":28},"end":{"line":516,"column":45}},"locations":[{"start":{"line":516,"column":28},"end":{"line":516,"column":45}}]},"78":{"type":"branch","line":517,"loc":{"start":{"line":517,"column":32},"end":{"line":517,"column":53}},"locations":[{"start":{"line":517,"column":32},"end":{"line":517,"column":53}}]},"79":{"type":"branch","line":518,"loc":{"start":{"line":518,"column":36},"end":{"line":518,"column":60}},"locations":[{"start":{"line":518,"column":36},"end":{"line":518,"column":60}}]}},"b":{"0":[2],"1":[1],"2":[0],"3":[0],"4":[0],"5":[0],"6":[0],"7":[0],"8":[0],"9":[0],"10":[0],"11":[4],"12":[0],"13":[0],"14":[4],"15":[3],"16":[1],"17":[3],"18":[0],"19":[1],"20":[0],"21":[0],"22":[1],"23":[0],"24":[0],"25":[1],"26":[0],"27":[0],"28":[1],"29":[0],"30":[0],"31":[0],"32":[0],"33":[1],"34":[0],"35":[0],"36":[0],"37":[0],"38":[0],"39":[1],"40":[0],"41":[0],"42":[0],"43":[1],"44":[0],"45":[0],"46":[0],"47":[0],"48":[0],"49":[0],"50":[0],"51":[0],"52":[0],"53":[0],"54":[0],"55":[0],"56":[0],"57":[0],"58":[1],"59":[0],"60":[0],"61":[1],"62":[0],"63":[0],"64":[0],"65":[0],"66":[0],"67":[0],"68":[0],"69":[0],"70":[0],"71":[0],"72":[0],"73":[0],"74":[0],"75":[0],"76":[0],"77":[0],"78":[0],"79":[0]},"fnMap":{"0":{"name":"origin","decl":{"start":{"line":114,"column":10},"end":{"line":120,"column":3}},"loc":{"start":{"line":114,"column":10},"end":{"line":120,"column":3}},"line":114},"1":{"name":"authenticateUser","decl":{"start":{"line":125,"column":25},"end":{"line":140,"column":2}},"loc":{"start":{"line":125,"column":25},"end":{"line":140,"column":2}},"line":125},"2":{"name":"keyGenerator","decl":{"start":{"line":148,"column":16},"end":{"line":150,"column":4}},"loc":{"start":{"line":148,"column":16},"end":{"line":150,"column":4}},"line":148},"3":{"name":"handler","decl":{"start":{"line":151,"column":11},"end":{"line":155,"column":3}},"loc":{"start":{"line":151,"column":11},"end":{"line":155,"column":3}},"line":151},"4":{"name":"keyGenerator","decl":{"start":{"line":163,"column":16},"end":{"line":163,"column":96}},"loc":{"start":{"line":163,"column":16},"end":{"line":163,"column":96}},"line":163},"5":{"name":"handler","decl":{"start":{"line":164,"column":11},"end":{"line":168,"column":3}},"loc":{"start":{"line":164,"column":11},"end":{"line":168,"column":3}},"line":164},"6":{"name":"keyGenerator","decl":{"start":{"line":176,"column":16},"end":{"line":176,"column":96}},"loc":{"start":{"line":176,"column":16},"end":{"line":176,"column":96}},"line":176},"7":{"name":"handler","decl":{"start":{"line":177,"column":11},"end":{"line":181,"column":3}},"loc":{"start":{"line":177,"column":11},"end":{"line":181,"column":3}},"line":177},"8":{"name":"generateContentWithRetry","decl":{"start":{"line":241,"column":0},"end":{"line":279,"column":1}},"loc":{"start":{"line":241,"column":0},"end":{"line":279,"column":1}},"line":241}},"f":{"0":4,"1":4,"2":1,"3":0,"4":1,"5":0,"6":1,"7":0,"8":1}}
,"C:\\Users\\nisch\\Downloads\\Project_PV\\server\\test_paths.js": {"path":"C:\\Users\\nisch\\Downloads\\Project_PV\\server\\test_paths.js","all":true,"statementMap":{"0":{"start":{"line":1,"column":0},"end":{"line":1,"column":55}},"1":{"start":{"line":2,"column":0},"end":{"line":2,"column":80}},"2":{"start":{"line":3,"column":0},"end":{"line":3,"column":43}},"3":{"start":{"line":4,"column":0},"end":{"line":4,"column":45}},"4":{"start":{"line":5,"column":0},"end":{"line":5,"column":76}}},"s":{"0":0,"1":0,"2":0,"3":0,"4":0},"branchMap":{"0":{"type":"branch","line":1,"loc":{"start":{"line":1,"column":303},"end":{"line":5,"column":76}},"locations":[{"start":{"line":1,"column":303},"end":{"line":5,"column":76}}]}},"b":{"0":[0]},"fnMap":{"0":{"name":"(empty-report)","decl":{"start":{"line":1,"column":303},"end":{"line":5,"column":76}},"loc":{"start":{"line":1,"column":303},"end":{"line":5,"column":76}},"line":1}},"f":{"0":0}}
,"C:\\Users\\nisch\\Downloads\\Project_PV\\server\\dist\\index.js": {"path":"C:\\Users\\nisch\\Downloads\\Project_PV\\server\\dist\\index.js","all":true,"statementMap":{"1":{"start":{"line":2,"column":0},"end":{"line":2,"column":72}},"2":{"start":{"line":3,"column":0},"end":{"line":3,"column":62}},"3":{"start":{"line":4,"column":0},"end":{"line":4,"column":2}},"4":{"start":{"line":5,"column":0},"end":{"line":5,"column":62}},"5":{"start":{"line":6,"column":0},"end":{"line":6,"column":54}},"6":{"start":{"line":7,"column":0},"end":{"line":7,"column":68}},"7":{"start":{"line":8,"column":0},"end":{"line":8,"column":76}},"8":{"start":{"line":9,"column":0},"end":{"line":9,"column":44}},"9":{"start":{"line":10,"column":0},"end":{"line":10,"column":48}},"10":{"start":{"line":11,"column":0},"end":{"line":11,"column":48}},"11":{"start":{"line":12,"column":0},"end":{"line":12,"column":52}},"12":{"start":{"line":13,"column":0},"end":{"line":13,"column":57}},"13":{"start":{"line":14,"column":0},"end":{"line":14,"column":53}},"14":{"start":{"line":15,"column":0},"end":{"line":15,"column":29}},"16":{"start":{"line":17,"column":0},"end":{"line":17,"column":38}},"17":{"start":{"line":18,"column":0},"end":{"line":18,"column":96}},"18":{"start":{"line":19,"column":0},"end":{"line":19,"column":3}},"19":{"start":{"line":20,"column":0},"end":{"line":20,"column":42}},"20":{"start":{"line":21,"column":0},"end":{"line":21,"column":27}},"21":{"start":{"line":22,"column":0},"end":{"line":22,"column":57}},"22":{"start":{"line":23,"column":0},"end":{"line":23,"column":64}},"23":{"start":{"line":24,"column":0},"end":{"line":24,"column":45}},"24":{"start":{"line":25,"column":0},"end":{"line":25,"column":21}},"25":{"start":{"line":26,"column":0},"end":{"line":26,"column":90}},"26":{"start":{"line":27,"column":0},"end":{"line":27,"column":41}},"27":{"start":{"line":28,"column":0},"end":{"line":28,"column":64}},"28":{"start":{"line":29,"column":0},"end":{"line":29,"column":68}},"29":{"start":{"line":30,"column":0},"end":{"line":30,"column":57}},"30":{"start":{"line":31,"column":0},"end":{"line":31,"column":65}},"31":{"start":{"line":32,"column":0},"end":{"line":32,"column":67}},"32":{"start":{"line":33,"column":0},"end":{"line":33,"column":3}},"33":{"start":{"line":34,"column":0},"end":{"line":34,"column":44}},"34":{"start":{"line":35,"column":0},"end":{"line":35,"column":68}},"35":{"start":{"line":36,"column":0},"end":{"line":36,"column":3}},"38":{"start":{"line":39,"column":0},"end":{"line":39,"column":24}},"39":{"start":{"line":40,"column":0},"end":{"line":40,"column":43}},"40":{"start":{"line":41,"column":0},"end":{"line":41,"column":49}},"41":{"start":{"line":42,"column":0},"end":{"line":42,"column":55}},"42":{"start":{"line":43,"column":0},"end":{"line":43,"column":47}},"43":{"start":{"line":44,"column":0},"end":{"line":44,"column":56}},"44":{"start":{"line":45,"column":0},"end":{"line":45,"column":2}},"45":{"start":{"line":46,"column":0},"end":{"line":46,"column":39}},"46":{"start":{"line":47,"column":0},"end":{"line":47,"column":43}},"47":{"start":{"line":48,"column":0},"end":{"line":48,"column":56}},"48":{"start":{"line":49,"column":0},"end":{"line":49,"column":41}},"49":{"start":{"line":50,"column":0},"end":{"line":50,"column":86}},"50":{"start":{"line":51,"column":0},"end":{"line":51,"column":18}},"51":{"start":{"line":52,"column":0},"end":{"line":52,"column":9}},"52":{"start":{"line":53,"column":0},"end":{"line":53,"column":5}},"53":{"start":{"line":54,"column":0},"end":{"line":54,"column":1}},"55":{"start":{"line":56,"column":0},"end":{"line":56,"column":32}},"56":{"start":{"line":57,"column":0},"end":{"line":57,"column":59}},"57":{"start":{"line":58,"column":0},"end":{"line":58,"column":65}},"58":{"start":{"line":59,"column":0},"end":{"line":59,"column":63}},"59":{"start":{"line":60,"column":0},"end":{"line":60,"column":72}},"60":{"start":{"line":61,"column":0},"end":{"line":61,"column":2}},"61":{"start":{"line":62,"column":0},"end":{"line":62,"column":48}},"62":{"start":{"line":63,"column":0},"end":{"line":63,"column":44}},"63":{"start":{"line":64,"column":0},"end":{"line":64,"column":62}},"64":{"start":{"line":65,"column":0},"end":{"line":65,"column":95}},"65":{"start":{"line":66,"column":0},"end":{"line":66,"column":14}},"66":{"start":{"line":67,"column":0},"end":{"line":67,"column":5}},"67":{"start":{"line":68,"column":0},"end":{"line":68,"column":1}},"70":{"start":{"line":71,"column":0},"end":{"line":71,"column":5}},"71":{"start":{"line":72,"column":0},"end":{"line":72,"column":121}},"72":{"start":{"line":73,"column":0},"end":{"line":73,"column":125}},"73":{"start":{"line":74,"column":0},"end":{"line":74,"column":24}},"74":{"start":{"line":75,"column":0},"end":{"line":75,"column":5}},"75":{"start":{"line":76,"column":0},"end":{"line":76,"column":45}},"76":{"start":{"line":77,"column":0},"end":{"line":77,"column":62}},"77":{"start":{"line":78,"column":0},"end":{"line":78,"column":1}},"78":{"start":{"line":79,"column":0},"end":{"line":79,"column":15}},"79":{"start":{"line":80,"column":0},"end":{"line":80,"column":68}},"80":{"start":{"line":81,"column":0},"end":{"line":81,"column":48}},"81":{"start":{"line":82,"column":0},"end":{"line":82,"column":51}},"82":{"start":{"line":83,"column":0},"end":{"line":83,"column":5}},"83":{"start":{"line":84,"column":0},"end":{"line":84,"column":1}},"84":{"start":{"line":85,"column":0},"end":{"line":85,"column":48}},"85":{"start":{"line":86,"column":0},"end":{"line":86,"column":37}},"87":{"start":{"line":88,"column":0},"end":{"line":88,"column":33}},"89":{"start":{"line":90,"column":0},"end":{"line":90,"column":50}},"90":{"start":{"line":91,"column":0},"end":{"line":91,"column":44}},"91":{"start":{"line":92,"column":0},"end":{"line":92,"column":43}},"92":{"start":{"line":93,"column":0},"end":{"line":93,"column":11}},"93":{"start":{"line":94,"column":0},"end":{"line":94,"column":45}},"94":{"start":{"line":95,"column":0},"end":{"line":95,"column":52}},"95":{"start":{"line":96,"column":0},"end":{"line":96,"column":9}},"96":{"start":{"line":97,"column":0},"end":{"line":97,"column":11}},"97":{"start":{"line":98,"column":0},"end":{"line":98,"column":36}},"98":{"start":{"line":99,"column":0},"end":{"line":99,"column":36}},"99":{"start":{"line":100,"column":0},"end":{"line":100,"column":45}},"100":{"start":{"line":101,"column":0},"end":{"line":101,"column":52}},"101":{"start":{"line":102,"column":0},"end":{"line":102,"column":10}},"102":{"start":{"line":103,"column":0},"end":{"line":103,"column":29}},"103":{"start":{"line":104,"column":0},"end":{"line":104,"column":35}},"104":{"start":{"line":105,"column":0},"end":{"line":105,"column":57}},"105":{"start":{"line":106,"column":0},"end":{"line":106,"column":33}},"106":{"start":{"line":107,"column":0},"end":{"line":107,"column":9}},"107":{"start":{"line":108,"column":0},"end":{"line":108,"column":14}},"108":{"start":{"line":109,"column":0},"end":{"line":109,"column":55}},"109":{"start":{"line":110,"column":0},"end":{"line":110,"column":9}},"110":{"start":{"line":111,"column":0},"end":{"line":111,"column":5}},"111":{"start":{"line":112,"column":0},"end":{"line":112,"column":4}},"112":{"start":{"line":113,"column":0},"end":{"line":113,"column":34}},"114":{"start":{"line":115,"column":0},"end":{"line":115,"column":52}},"115":{"start":{"line":116,"column":0},"end":{"line":116,"column":9}},"116":{"start":{"line":117,"column":0},"end":{"line":117,"column":53}},"117":{"start":{"line":118,"column":0},"end":{"line":118,"column":63}},"118":{"start":{"line":119,"column":0},"end":{"line":119,"column":87}},"119":{"start":{"line":120,"column":0},"end":{"line":120,"column":9}},"120":{"start":{"line":121,"column":0},"end":{"line":121,"column":55}},"121":{"start":{"line":122,"column":0},"end":{"line":122,"column":90}},"122":{"start":{"line":123,"column":0},"end":{"line":123,"column":38}},"123":{"start":{"line":124,"column":0},"end":{"line":124,"column":15}},"124":{"start":{"line":125,"column":0},"end":{"line":125,"column":5}},"125":{"start":{"line":126,"column":0},"end":{"line":126,"column":19}},"126":{"start":{"line":127,"column":0},"end":{"line":127,"column":57}},"127":{"start":{"line":128,"column":0},"end":{"line":128,"column":79}},"128":{"start":{"line":129,"column":0},"end":{"line":129,"column":5}},"129":{"start":{"line":130,"column":0},"end":{"line":130,"column":2}},"131":{"start":{"line":132,"column":0},"end":{"line":132,"column":58}},"132":{"start":{"line":133,"column":0},"end":{"line":133,"column":43}},"133":{"start":{"line":134,"column":0},"end":{"line":134,"column":12}},"134":{"start":{"line":135,"column":0},"end":{"line":135,"column":26}},"135":{"start":{"line":136,"column":0},"end":{"line":136,"column":25}},"136":{"start":{"line":137,"column":0},"end":{"line":137,"column":28}},"137":{"start":{"line":138,"column":0},"end":{"line":138,"column":51}},"138":{"start":{"line":139,"column":0},"end":{"line":139,"column":6}},"139":{"start":{"line":140,"column":0},"end":{"line":140,"column":28}},"140":{"start":{"line":141,"column":0},"end":{"line":141,"column":30}},"141":{"start":{"line":142,"column":0},"end":{"line":142,"column":96}},"142":{"start":{"line":143,"column":0},"end":{"line":143,"column":11}},"143":{"start":{"line":144,"column":0},"end":{"line":144,"column":5}},"144":{"start":{"line":145,"column":0},"end":{"line":145,"column":3}},"145":{"start":{"line":146,"column":0},"end":{"line":146,"column":54}},"146":{"start":{"line":147,"column":0},"end":{"line":147,"column":29}},"147":{"start":{"line":148,"column":0},"end":{"line":148,"column":13}},"148":{"start":{"line":149,"column":0},"end":{"line":149,"column":26}},"149":{"start":{"line":150,"column":0},"end":{"line":150,"column":25}},"150":{"start":{"line":151,"column":0},"end":{"line":151,"column":63}},"151":{"start":{"line":152,"column":0},"end":{"line":152,"column":28}},"152":{"start":{"line":153,"column":0},"end":{"line":153,"column":30}},"153":{"start":{"line":154,"column":0},"end":{"line":154,"column":71}},"154":{"start":{"line":155,"column":0},"end":{"line":155,"column":11}},"155":{"start":{"line":156,"column":0},"end":{"line":156,"column":5}},"156":{"start":{"line":157,"column":0},"end":{"line":157,"column":3}},"157":{"start":{"line":158,"column":0},"end":{"line":158,"column":55}},"158":{"start":{"line":159,"column":0},"end":{"line":159,"column":29}},"159":{"start":{"line":160,"column":0},"end":{"line":160,"column":12}},"160":{"start":{"line":161,"column":0},"end":{"line":161,"column":26}},"161":{"start":{"line":162,"column":0},"end":{"line":162,"column":25}},"162":{"start":{"line":163,"column":0},"end":{"line":163,"column":63}},"163":{"start":{"line":164,"column":0},"end":{"line":164,"column":28}},"164":{"start":{"line":165,"column":0},"end":{"line":165,"column":30}},"165":{"start":{"line":166,"column":0},"end":{"line":166,"column":78}},"166":{"start":{"line":167,"column":0},"end":{"line":167,"column":11}},"167":{"start":{"line":168,"column":0},"end":{"line":168,"column":5}},"168":{"start":{"line":169,"column":0},"end":{"line":169,"column":3}},"170":{"start":{"line":171,"column":0},"end":{"line":171,"column":27}},"171":{"start":{"line":172,"column":0},"end":{"line":172,"column":27}},"172":{"start":{"line":173,"column":0},"end":{"line":173,"column":33}},"173":{"start":{"line":174,"column":0},"end":{"line":174,"column":9}},"174":{"start":{"line":175,"column":0},"end":{"line":175,"column":89}},"175":{"start":{"line":176,"column":0},"end":{"line":176,"column":82}},"176":{"start":{"line":177,"column":0},"end":{"line":177,"column":30}},"177":{"start":{"line":178,"column":0},"end":{"line":178,"column":97}},"178":{"start":{"line":179,"column":0},"end":{"line":179,"column":5}},"179":{"start":{"line":180,"column":0},"end":{"line":180,"column":17}},"180":{"start":{"line":181,"column":0},"end":{"line":181,"column":89}},"181":{"start":{"line":182,"column":0},"end":{"line":182,"column":5}},"182":{"start":{"line":183,"column":0},"end":{"line":183,"column":1}},"183":{"start":{"line":184,"column":0},"end":{"line":184,"column":22}},"184":{"start":{"line":185,"column":0},"end":{"line":185,"column":9}},"185":{"start":{"line":186,"column":0},"end":{"line":186,"column":51}},"186":{"start":{"line":187,"column":0},"end":{"line":187,"column":67}},"187":{"start":{"line":188,"column":0},"end":{"line":188,"column":64}},"188":{"start":{"line":189,"column":0},"end":{"line":189,"column":84}},"189":{"start":{"line":190,"column":0},"end":{"line":190,"column":9}},"190":{"start":{"line":191,"column":0},"end":{"line":191,"column":101}},"191":{"start":{"line":192,"column":0},"end":{"line":192,"column":85}},"192":{"start":{"line":193,"column":0},"end":{"line":193,"column":151}},"193":{"start":{"line":194,"column":0},"end":{"line":194,"column":5}},"194":{"start":{"line":195,"column":0},"end":{"line":195,"column":17}},"195":{"start":{"line":196,"column":0},"end":{"line":196,"column":82}},"196":{"start":{"line":197,"column":0},"end":{"line":197,"column":52}},"197":{"start":{"line":198,"column":0},"end":{"line":198,"column":55}},"198":{"start":{"line":199,"column":0},"end":{"line":199,"column":9}},"199":{"start":{"line":200,"column":0},"end":{"line":200,"column":5}},"200":{"start":{"line":201,"column":0},"end":{"line":201,"column":1}},"202":{"start":{"line":203,"column":0},"end":{"line":203,"column":44}},"203":{"start":{"line":204,"column":0},"end":{"line":204,"column":30}},"204":{"start":{"line":205,"column":0},"end":{"line":205,"column":27}},"205":{"start":{"line":206,"column":0},"end":{"line":206,"column":76}},"206":{"start":{"line":207,"column":0},"end":{"line":207,"column":5}},"207":{"start":{"line":208,"column":0},"end":{"line":208,"column":48}},"208":{"start":{"line":209,"column":0},"end":{"line":209,"column":54}},"209":{"start":{"line":210,"column":0},"end":{"line":210,"column":5}},"210":{"start":{"line":211,"column":0},"end":{"line":211,"column":36}},"211":{"start":{"line":212,"column":0},"end":{"line":212,"column":141}},"212":{"start":{"line":213,"column":0},"end":{"line":213,"column":24}},"213":{"start":{"line":214,"column":0},"end":{"line":214,"column":5}},"214":{"start":{"line":215,"column":0},"end":{"line":215,"column":10}},"215":{"start":{"line":216,"column":0},"end":{"line":216,"column":88}},"216":{"start":{"line":217,"column":0},"end":{"line":217,"column":5}},"217":{"start":{"line":218,"column":0},"end":{"line":218,"column":1}},"219":{"start":{"line":220,"column":0},"end":{"line":220,"column":100}},"220":{"start":{"line":221,"column":0},"end":{"line":221,"column":27}},"221":{"start":{"line":222,"column":0},"end":{"line":222,"column":158}},"222":{"start":{"line":223,"column":0},"end":{"line":223,"column":5}},"223":{"start":{"line":224,"column":0},"end":{"line":224,"column":39}},"224":{"start":{"line":225,"column":0},"end":{"line":225,"column":13}},"225":{"start":{"line":226,"column":0},"end":{"line":226,"column":33}},"227":{"start":{"line":228,"column":0},"end":{"line":228,"column":72}},"228":{"start":{"line":229,"column":0},"end":{"line":229,"column":81}},"229":{"start":{"line":230,"column":0},"end":{"line":230,"column":37}},"230":{"start":{"line":231,"column":0},"end":{"line":231,"column":19}},"231":{"start":{"line":232,"column":0},"end":{"line":232,"column":48}},"232":{"start":{"line":233,"column":0},"end":{"line":233,"column":13}},"233":{"start":{"line":234,"column":0},"end":{"line":234,"column":18}},"235":{"start":{"line":236,"column":0},"end":{"line":236,"column":72}},"236":{"start":{"line":237,"column":0},"end":{"line":237,"column":81}},"237":{"start":{"line":238,"column":0},"end":{"line":238,"column":37}},"238":{"start":{"line":239,"column":0},"end":{"line":239,"column":19}},"239":{"start":{"line":240,"column":0},"end":{"line":240,"column":77}},"240":{"start":{"line":241,"column":0},"end":{"line":241,"column":13}},"241":{"start":{"line":242,"column":0},"end":{"line":242,"column":9}},"242":{"start":{"line":243,"column":0},"end":{"line":243,"column":23}},"243":{"start":{"line":244,"column":0},"end":{"line":244,"column":85}},"244":{"start":{"line":245,"column":0},"end":{"line":245,"column":49}},"245":{"start":{"line":246,"column":0},"end":{"line":246,"column":60}},"246":{"start":{"line":247,"column":0},"end":{"line":247,"column":63}},"247":{"start":{"line":248,"column":0},"end":{"line":248,"column":47}},"248":{"start":{"line":249,"column":0},"end":{"line":249,"column":49}},"249":{"start":{"line":250,"column":0},"end":{"line":250,"column":115}},"250":{"start":{"line":251,"column":0},"end":{"line":251,"column":73}},"251":{"start":{"line":252,"column":0},"end":{"line":252,"column":50}},"252":{"start":{"line":253,"column":0},"end":{"line":253,"column":25}},"253":{"start":{"line":254,"column":0},"end":{"line":254,"column":13}},"254":{"start":{"line":255,"column":0},"end":{"line":255,"column":24}},"255":{"start":{"line":256,"column":0},"end":{"line":256,"column":9}},"256":{"start":{"line":257,"column":0},"end":{"line":257,"column":5}},"257":{"start":{"line":258,"column":0},"end":{"line":258,"column":65}},"258":{"start":{"line":259,"column":0},"end":{"line":259,"column":1}},"260":{"start":{"line":261,"column":0},"end":{"line":261,"column":85}},"261":{"start":{"line":262,"column":0},"end":{"line":262,"column":9}},"262":{"start":{"line":263,"column":0},"end":{"line":263,"column":61}},"263":{"start":{"line":264,"column":0},"end":{"line":264,"column":34}},"264":{"start":{"line":265,"column":0},"end":{"line":265,"column":105}},"265":{"start":{"line":266,"column":0},"end":{"line":266,"column":9}},"266":{"start":{"line":267,"column":0},"end":{"line":267,"column":44}},"267":{"start":{"line":268,"column":0},"end":{"line":268,"column":31}},"268":{"start":{"line":269,"column":0},"end":{"line":269,"column":41}},"269":{"start":{"line":270,"column":0},"end":{"line":270,"column":155}},"270":{"start":{"line":271,"column":0},"end":{"line":271,"column":15}},"271":{"start":{"line":272,"column":0},"end":{"line":272,"column":9}},"272":{"start":{"line":273,"column":0},"end":{"line":273,"column":34}},"273":{"start":{"line":274,"column":0},"end":{"line":274,"column":85}},"275":{"start":{"line":276,"column":0},"end":{"line":276,"column":71}},"276":{"start":{"line":277,"column":0},"end":{"line":277,"column":62}},"277":{"start":{"line":278,"column":0},"end":{"line":278,"column":61}},"278":{"start":{"line":279,"column":0},"end":{"line":279,"column":59}},"279":{"start":{"line":280,"column":0},"end":{"line":280,"column":68}},"281":{"start":{"line":282,"column":0},"end":{"line":282,"column":367}},"282":{"start":{"line":283,"column":0},"end":{"line":283,"column":83}},"283":{"start":{"line":284,"column":0},"end":{"line":284,"column":94}},"284":{"start":{"line":285,"column":0},"end":{"line":285,"column":49}},"285":{"start":{"line":286,"column":0},"end":{"line":286,"column":5}},"286":{"start":{"line":287,"column":0},"end":{"line":287,"column":19}},"287":{"start":{"line":288,"column":0},"end":{"line":288,"column":64}},"288":{"start":{"line":289,"column":0},"end":{"line":289,"column":104}},"289":{"start":{"line":290,"column":0},"end":{"line":290,"column":5}},"290":{"start":{"line":291,"column":0},"end":{"line":291,"column":3}},"292":{"start":{"line":293,"column":0},"end":{"line":293,"column":81}},"293":{"start":{"line":294,"column":0},"end":{"line":294,"column":9}},"294":{"start":{"line":295,"column":0},"end":{"line":295,"column":65}},"295":{"start":{"line":296,"column":0},"end":{"line":296,"column":34}},"296":{"start":{"line":297,"column":0},"end":{"line":297,"column":105}},"297":{"start":{"line":298,"column":0},"end":{"line":298,"column":9}},"298":{"start":{"line":299,"column":0},"end":{"line":299,"column":116}},"299":{"start":{"line":300,"column":0},"end":{"line":300,"column":34}},"300":{"start":{"line":301,"column":0},"end":{"line":301,"column":118}},"301":{"start":{"line":302,"column":0},"end":{"line":302,"column":59}},"302":{"start":{"line":303,"column":0},"end":{"line":303,"column":52}},"304":{"start":{"line":305,"column":0},"end":{"line":305,"column":77}},"305":{"start":{"line":306,"column":0},"end":{"line":306,"column":59}},"306":{"start":{"line":307,"column":0},"end":{"line":307,"column":34}},"307":{"start":{"line":308,"column":0},"end":{"line":308,"column":76}},"308":{"start":{"line":309,"column":0},"end":{"line":309,"column":13}},"309":{"start":{"line":310,"column":0},"end":{"line":310,"column":50}},"310":{"start":{"line":311,"column":0},"end":{"line":311,"column":47}},"311":{"start":{"line":312,"column":0},"end":{"line":312,"column":58}},"312":{"start":{"line":313,"column":0},"end":{"line":313,"column":53}},"313":{"start":{"line":314,"column":0},"end":{"line":314,"column":64}},"314":{"start":{"line":315,"column":0},"end":{"line":315,"column":71}},"316":{"start":{"line":317,"column":0},"end":{"line":317,"column":83}},"317":{"start":{"line":318,"column":0},"end":{"line":318,"column":94}},"318":{"start":{"line":319,"column":0},"end":{"line":319,"column":34}},"319":{"start":{"line":320,"column":0},"end":{"line":320,"column":26}},"320":{"start":{"line":321,"column":0},"end":{"line":321,"column":38}},"322":{"start":{"line":323,"column":0},"end":{"line":323,"column":81}},"323":{"start":{"line":324,"column":0},"end":{"line":324,"column":88}},"324":{"start":{"line":325,"column":0},"end":{"line":325,"column":44}},"325":{"start":{"line":326,"column":0},"end":{"line":326,"column":55}},"326":{"start":{"line":327,"column":0},"end":{"line":327,"column":70}},"327":{"start":{"line":328,"column":0},"end":{"line":328,"column":52}},"328":{"start":{"line":329,"column":0},"end":{"line":329,"column":17}},"329":{"start":{"line":330,"column":0},"end":{"line":330,"column":13}},"330":{"start":{"line":331,"column":0},"end":{"line":331,"column":44}},"331":{"start":{"line":332,"column":0},"end":{"line":332,"column":52}},"332":{"start":{"line":333,"column":0},"end":{"line":333,"column":43}},"333":{"start":{"line":334,"column":0},"end":{"line":334,"column":80}},"334":{"start":{"line":335,"column":0},"end":{"line":335,"column":17}},"335":{"start":{"line":336,"column":0},"end":{"line":336,"column":49}},"336":{"start":{"line":337,"column":0},"end":{"line":337,"column":13}},"337":{"start":{"line":338,"column":0},"end":{"line":338,"column":18}},"339":{"start":{"line":340,"column":0},"end":{"line":340,"column":108}},"340":{"start":{"line":341,"column":0},"end":{"line":341,"column":116}},"341":{"start":{"line":342,"column":0},"end":{"line":342,"column":44}},"342":{"start":{"line":343,"column":0},"end":{"line":343,"column":55}},"343":{"start":{"line":344,"column":0},"end":{"line":344,"column":13}},"344":{"start":{"line":345,"column":0},"end":{"line":345,"column":58}},"346":{"start":{"line":347,"column":0},"end":{"line":347,"column":33}},"347":{"start":{"line":348,"column":0},"end":{"line":348,"column":41}},"348":{"start":{"line":349,"column":0},"end":{"line":349,"column":26}},"349":{"start":{"line":350,"column":0},"end":{"line":350,"column":37}},"350":{"start":{"line":351,"column":0},"end":{"line":351,"column":33}},"351":{"start":{"line":352,"column":0},"end":{"line":352,"column":14}},"352":{"start":{"line":353,"column":0},"end":{"line":353,"column":42}},"353":{"start":{"line":354,"column":0},"end":{"line":354,"column":45}},"354":{"start":{"line":355,"column":0},"end":{"line":355,"column":13}},"355":{"start":{"line":356,"column":0},"end":{"line":356,"column":53}},"357":{"start":{"line":358,"column":0},"end":{"line":358,"column":44}},"358":{"start":{"line":359,"column":0},"end":{"line":359,"column":30}},"359":{"start":{"line":360,"column":0},"end":{"line":360,"column":25}},"360":{"start":{"line":361,"column":0},"end":{"line":361,"column":31}},"361":{"start":{"line":362,"column":0},"end":{"line":362,"column":51}},"362":{"start":{"line":363,"column":0},"end":{"line":363,"column":14}},"363":{"start":{"line":364,"column":0},"end":{"line":364,"column":49}},"364":{"start":{"line":365,"column":0},"end":{"line":365,"column":20}},"365":{"start":{"line":366,"column":0},"end":{"line":366,"column":28}},"366":{"start":{"line":367,"column":0},"end":{"line":367,"column":26}},"367":{"start":{"line":368,"column":0},"end":{"line":368,"column":73}},"368":{"start":{"line":369,"column":0},"end":{"line":369,"column":37}},"369":{"start":{"line":370,"column":0},"end":{"line":370,"column":41}},"370":{"start":{"line":371,"column":0},"end":{"line":371,"column":33}},"371":{"start":{"line":372,"column":0},"end":{"line":372,"column":14}},"372":{"start":{"line":373,"column":0},"end":{"line":373,"column":11}},"373":{"start":{"line":374,"column":0},"end":{"line":374,"column":99}},"374":{"start":{"line":375,"column":0},"end":{"line":375,"column":38}},"375":{"start":{"line":376,"column":0},"end":{"line":376,"column":5}},"376":{"start":{"line":377,"column":0},"end":{"line":377,"column":19}},"377":{"start":{"line":378,"column":0},"end":{"line":378,"column":70}},"378":{"start":{"line":379,"column":0},"end":{"line":379,"column":130}},"379":{"start":{"line":380,"column":0},"end":{"line":380,"column":5}},"380":{"start":{"line":381,"column":0},"end":{"line":381,"column":3}},"382":{"start":{"line":383,"column":0},"end":{"line":383,"column":84}},"383":{"start":{"line":384,"column":0},"end":{"line":384,"column":9}},"384":{"start":{"line":385,"column":0},"end":{"line":385,"column":67}},"385":{"start":{"line":386,"column":0},"end":{"line":386,"column":34}},"386":{"start":{"line":387,"column":0},"end":{"line":387,"column":105}},"387":{"start":{"line":388,"column":0},"end":{"line":388,"column":9}},"388":{"start":{"line":389,"column":0},"end":{"line":389,"column":48}},"389":{"start":{"line":390,"column
[...]
491":{"start":{"line":492,"column":0},"end":{"line":492,"column":19}},"492":{"start":{"line":493,"column":0},"end":{"line":493,"column":17}},"493":{"start":{"line":494,"column":0},"end":{"line":494,"column":17}},"494":{"start":{"line":495,"column":0},"end":{"line":495,"column":13}},"495":{"start":{"line":496,"column":0},"end":{"line":496,"column":11}},"496":{"start":{"line":497,"column":0},"end":{"line":497,"column":11}},"497":{"start":{"line":498,"column":0},"end":{"line":498,"column":7}},"499":{"start":{"line":500,"column":0},"end":{"line":500,"column":37}},"500":{"start":{"line":501,"column":0},"end":{"line":501,"column":6}},"502":{"start":{"line":503,"column":0},"end":{"line":503,"column":42}},"505":{"start":{"line":506,"column":0},"end":{"line":506,"column":18}},"506":{"start":{"line":507,"column":0},"end":{"line":507,"column":36}},"507":{"start":{"line":508,"column":0},"end":{"line":508,"column":34}},"509":{"start":{"line":510,"column":0},"end":{"line":510,"column":62}},"510":{"start":{"line":511,"column":0},"end":{"line":511,"column":59}},"511":{"start":{"line":512,"column":0},"end":{"line":512,"column":55}},"512":{"start":{"line":513,"column":0},"end":{"line":513,"column":64}},"513":{"start":{"line":514,"column":0},"end":{"line":514,"column":62}},"514":{"start":{"line":515,"column":0},"end":{"line":515,"column":56}},"517":{"start":{"line":518,"column":0},"end":{"line":518,"column":59}},"518":{"start":{"line":519,"column":0},"end":{"line":519,"column":47}},"521":{"start":{"line":522,"column":0},"end":{"line":522,"column":39}},"522":{"start":{"line":523,"column":0},"end":{"line":523,"column":49}},"523":{"start":{"line":524,"column":0},"end":{"line":524,"column":9}},"525":{"start":{"line":526,"column":0},"end":{"line":526,"column":52}},"526":{"start":{"line":527,"column":0},"end":{"line":527,"column":51}},"527":{"start":{"line":528,"column":0},"end":{"line":528,"column":7}},"528":{"start":{"line":529,"column":0},"end":{"line":529,"column":25}},"529":{"start":{"line":530,"column":0},"end":{"line":530,"column":6}},"530":{"start":{"line":531,"column":0},"end":{"line":531,"column":129}},"531":{"start":{"line":532,"column":0},"end":{"line":532,"column":1}}},"s":{"0":1,"2":1,"3":1,"4":1,"5":1,"25":7,"26":7,"27":7,"28":7,"29":7,"30":7,"31":7,"32":7,"33":7,"34":7,"35":7,"36":7,"37":7,"38":7,"40":7,"41":3,"42":7,"44":7,"45":7,"46":4,"48":4,"49":4,"51":4,"52":7,"55":7,"57":7,"58":7,"59":7,"61":7,"62":7,"63":7,"64":7,"67":7,"68":7,"70":7,"71":7,"72":7,"74":7,"75":7,"76":7,"79":7,"80":7,"81":7,"82":7,"85":7,"86":7,"87":112,"88":112,"89":112,"92":7,"93":7,"96":7,"97":7,"98":7,"99":7,"100":7,"101":7,"102":7,"103":7,"104":7,"107":7,"108":7,"109":7,"110":7,"111":7,"112":7,"113":7,"114":7,"115":7,"118":7,"119":7,"120":4,"121":4,"122":0,"123":0,"124":4,"126":4,"127":4,"128":4,"129":4,"132":4,"133":4,"134":4,"135":4,"136":4,"139":4,"140":4,"141":4,"142":4,"143":4,"146":4,"147":4,"149":4,"150":4,"152":4,"153":12,"154":12,"155":12,"156":12,"157":12,"158":12,"159":12,"161":4,"162":4,"163":4,"164":4,"167":7,"168":0,"169":0,"170":0,"172":4,"173":0,"174":0,"175":0,"176":0,"178":0,"179":0,"180":0,"181":0,"182":0,"184":0,"185":0,"186":0,"187":0,"188":0,"189":0,"190":0,"191":0,"192":0,"193":0,"195":0,"196":0,"199":7,"200":16,"201":16,"203":4,"204":16,"205":16,"206":16,"209":16,"210":16,"211":16,"212":16,"213":16,"216":16,"217":16,"218":16,"219":16,"220":16,"221":16,"222":16,"223":16,"225":16,"226":0,"227":0,"228":0,"229":0,"230":0,"232":16,"233":16,"236":4,"237":7,"238":0,"239":0,"241":4,"242":0,"243":0,"244":0,"247":0,"248":0,"249":0,"250":0,"251":0,"254":0,"255":0,"256":0,"257":0,"258":0,"261":0,"262":0,"263":0,"264":0,"265":0,"267":0,"270":0,"271":0,"272":0,"273":0,"274":0,"275":0,"276":0,"278":0,"279":0,"280":0,"282":0,"283":0,"284":0,"285":0,"287":0,"288":0,"290":4,"291":0,"292":0,"293":0,"294":0,"295":0,"296":0,"297":0,"298":0,"299":0,"300":0,"301":0,"302":0,"305":4,"306":4,"307":4,"308":7,"309":7,"310":7,"311":7,"312":7,"314":7,"315":20,"316":20,"317":20,"318":20,"319":20,"320":20,"321":20,"322":20,"323":20,"326":4,"327":4,"329":4,"330":0,"331":0,"332":0,"334":4,"335":0,"336":0,"337":0,"339":0,"340":0,"342":0,"343":0,"345":4,"346":0,"347":0,"350":4,"351":0,"352":0,"353":0,"354":0,"355":0,"357":4,"358":0,"359":0,"360":0,"362":0,"363":0,"365":0,"366":0,"368":4,"369":4,"370":4,"371":4,"372":4,"373":4,"374":4,"375":4,"378":4,"379":0,"380":0,"381":0,"382":0,"383":0,"384":0,"385":0,"386":0,"387":4,"388":4,"391":4,"392":4,"393":4,"395":4,"396":0,"398":0,"399":0,"401":0,"402":0,"403":0,"406":0,"407":0,"408":0,"409":0,"412":0,"413":0,"414":0,"417":0,"418":0,"419":0,"420":0,"421":0,"422":0,"423":0,"425":0,"426":0,"427":0,"428":0,"429":0,"431":0,"432":0,"433":0,"434":0,"435":0,"438":0,"439":0,"440":0,"441":0,"442":0,"443":0,"444":0,"447":0,"448":0,"449":0,"450":0,"451":0,"452":0,"453":0,"454":0,"455":0,"457":0,"458":0,"461":0,"462":0,"463":0,"464":0,"466":0,"467":0,"468":0,"470":0,"471":0,"472":0,"473":0,"474":0,"475":0,"476":0,"477":0,"478":0,"479":0,"480":0,"481":0,"482":0,"483":0,"484":0,"485":0,"486":0,"487":0,"488":0,"489":0,"490":0,"491":0,"492":0,"493":0,"494":0,"495":0,"496":0,"497":0,"499":0,"500":0,"502":4,"505":4,"506":4,"507":4,"509":4,"510":4,"511":4,"512":4,"513":4,"514":4,"517":4,"518":4,"521":4,"522":112,"523":4,"525":4,"526":4,"527":4,"528":4,"529":4,"530":7,"531":7},"branchMap":{"0":{"type":"branch","line":26,"loc":{"start":{"line":26,"column":0},"end":{"line":532,"column":1}},"locations":[{"start":{"line":26,"column":0},"end":{"line":532,"column":1}}]},"1":{"type":"branch","line":41,"loc":{"start":{"line":41,"column":12},"end":{"line":43,"column":5}},"locations":[{"start":{"line":41,"column":12},"end":{"line":43,"column":5}}]},"2":{"type":"branch","line":45,"loc":{"start":{"line":45,"column":12},"end":{"line":531,"column":5}},"locations":[{"start":{"line":45,"column":12},"end":{"line":531,"column":5}}]},"3":{"type":"branch","line":46,"loc":{"start":{"line":46,"column":19},"end":{"line":46,"column":26}},"locations":[{"start":{"line":46,"column":19},"end":{"line":46,"column":26}}]},"4":{"type":"branch","line":46,"loc":{"start":{"line":46,"column":19},"end":{"line":50,"column":27}},"locations":[{"start":{"line":46,"column":19},"end":{"line":50,"column":27}}]},"5":{"type":"branch","line":50,"loc":{"start":{"line":50,"column":20},"end":{"line":50,"column":27}},"locations":[{"start":{"line":50,"column":20},"end":{"line":50,"column":27}}]},"6":{"type":"branch","line":50,"loc":{"start":{"line":50,"column":20},"end":{"line":52,"column":47}},"locations":[{"start":{"line":50,"column":20},"end":{"line":52,"column":47}}]},"7":{"type":"branch","line":53,"loc":{"start":{"line":53,"column":29},"end":{"line":53,"column":49}},"locations":[{"start":{"line":53,"column":29},"end":{"line":53,"column":49}}]},"8":{"type":"branch","line":93,"loc":{"start":{"line":93,"column":24},"end":{"line":93,"column":47}},"locations":[{"start":{"line":93,"column":24},"end":{"line":93,"column":47}}]},"9":{"type":"branch","line":93,"loc":{"start":{"line":93,"column":36},"end":{"line":93,"column":80}},"locations":[{"start":{"line":93,"column":36},"end":{"line":93,"column":80}}]},"10":{"type":"branch","line":93,"loc":{"start":{"line":93,"column":60},"end":{"line":93,"column":80}},"locations":[{"start":{"line":93,"column":60},"end":{"line":93,"column":80}}]},"11":{"type":"branch","line":94,"loc":{"start":{"line":94,"column":23},"end":{"line":94,"column":46}},"locations":[{"start":{"line":94,"column":23},"end":{"line":94,"column":46}}]},"12":{"type":"branch","line":94,"loc":{"start":{"line":94,"column":35},"end":{"line":94,"column":79}},"locations":[{"start":{"line":94,"column":35},"end":{"line":94,"column":79}}]},"13":{"type":"branch","line":94,"loc":{"start":{"line":94,"column":59},"end":{"line":94,"column":79}},"locations":[{"start":{"line":94,"column":59},"end":{"line":94,"column":79}}]},"14":{"type":"branch","line":120,"loc":{"start":{"line":120,"column":24},"end":{"line":168,"column":24}},"locations":[{"start":{"line":120,"column":24},"end":{"line":168,"column":24}}]},"15":{"type":"branch","line":122,"loc":{"start":{"line":122,"column":26},"end":{"line":124,"column":7}},"locations":[{"start":{"line":122,"column":26},"end":{"line":124,"column":7}}]},"16":{"type":"branch","line":168,"loc":{"start":{"line":168,"column":24},"end":{"line":171,"column":5}},"locations":[{"start":{"line":168,"column":24},"end":{"line":171,"column":5}}]},"17":{"type":"branch","line":171,"loc":{"start":{"line":171,"column":4},"end":{"line":200,"column":73}},"locations":[{"start":{"line":171,"column":4},"end":{"line":200,"column":73}}]},"18":{"type":"branch","line":200,"loc":{"start":{"line":200,"column":73},"end":{"line":202,"column":5}},"locations":[{"start":{"line":200,"column":73},"end":{"line":202,"column":5}}]},"19":{"type":"branch","line":202,"loc":{"start":{"line":202,"column":4},"end":{"line":238,"column":24}},"locations":[{"start":{"line":202,"column":4},"end":{"line":238,"column":24}}]},"20":{"type":"branch","line":238,"loc":{"start":{"line":238,"column":24},"end":{"line":240,"column":5}},"locations":[{"start":{"line":238,"column":24},"end":{"line":240,"column":5}}]},"21":{"type":"branch","line":240,"loc":{"start":{"line":240,"column":4},"end":{"line":309,"column":25}},"locations":[{"start":{"line":240,"column":4},"end":{"line":309,"column":25}}]},"22":{"type":"branch","line":309,"loc":{"start":{"line":309,"column":13},"end":{"line":309,"column":36}},"locations":[{"start":{"line":309,"column":13},"end":{"line":309,"column":36}}]},"23":{"type":"branch","line":309,"loc":{"start":{"line":309,"column":25},"end":{"line":309,"column":45}},"locations":[{"start":{"line":309,"column":25},"end":{"line":309,"column":45}}]},"24":{"type":"branch","line":313,"loc":{"start":{"line":313,"column":25},"end":{"line":313,"column":42}},"locations":[{"start":{"line":313,"column":25},"end":{"line":313,"column":42}}]},"25":{"type":"branch","line":313,"loc":{"start":{"line":313,"column":37},"end":{"line":313,"column":61}},"locations":[{"start":{"line":313,"column":37},"end":{"line":313,"column":61}}]},"26":{"type":"branch","line":313,"loc":{"start":{"line":313,"column":55},"end":{"line":313,"column":61}},"locations":[{"start":{"line":313,"column":55},"end":{"line":313,"column":61}}]},"27":{"type":"branch","line":315,"loc":{"start":{"line":315,"column":43},"end":{"line":324,"column":5}},"locations":[{"start":{"line":315,"column":43},"end":{"line":324,"column":5}}]},"28":{"type":"branch","line":324,"loc":{"start":{"line":324,"column":4},"end":{"line":530,"column":6}},"locations":[{"start":{"line":324,"column":4},"end":{"line":530,"column":6}}]},"29":{"type":"branch","line":87,"loc":{"start":{"line":87,"column":18},"end":{"line":90,"column":6}},"locations":[{"start":{"line":87,"column":18},"end":{"line":90,"column":6}}]},"30":{"type":"branch","line":127,"loc":{"start":{"line":127,"column":4},"end":{"line":165,"column":5}},"locations":[{"start":{"line":127,"column":4},"end":{"line":165,"column":5}}]},"31":{"type":"branch","line":153,"loc":{"start":{"line":153,"column":34},"end":{"line":160,"column":7}},"locations":[{"start":{"line":153,"column":34},"end":{"line":160,"column":7}}]},"32":{"type":"branch","line":204,"loc":{"start":{"line":204,"column":4},"end":{"line":234,"column":5}},"locations":[{"start":{"line":204,"column":4},"end":{"line":234,"column":5}}]},"33":{"type":"branch","line":219,"loc":{"start":{"line":219,"column":15},"end":{"line":219,"column":38}},"locations":[{"start":{"line":219,"column":15},"end":{"line":219,"column":38}}]},"34":{"type":"branch","line":226,"loc":{"start":{"line":226,"column":21},"end":{"line":231,"column":7}},"locations":[{"start":{"line":226,"column":21},"end":{"line":231,"column":7}}]},"35":{"type":"branch","line":506,"loc":{"start":{"line":506,"column":11},"end":{"line":530,"column":6}},"locations":[{"start":{"line":506,"column":11},"end":{"line":530,"column":6}}]},"36":{"type":"branch","line":519,"loc":{"start":{"line":519,"column":23},"end":{"line":519,"column":45}},"locations":[{"start":{"line":519,"column":23},"end":{"line":519,"column":45}}]},"37":{"type":"branch","line":522,"loc":{"start":{"line":522,"column":26},"end":{"line":524,"column":7}},"locations":[{"start":{"line":522,"column":26},"end":{"line":524,"column":7}}]},"38":{"type":"branch","line":523,"loc":{"start":{"line":523,"column":30},"end":{"line":523,"column":49}},"locations":[{"start":{"line":523,"column":30},"end":{"line":523,"column":49}}]}},"b":{"0":[7],"1":[3],"2":[7],"3":[3],"4":[4],"5":[0],"6":[4],"7":[4],"8":[0],"9":[4],"10":[0],"11":[0],"12":[4],"13":[0],"14":[4],"15":[0],"16":[0],"17":[4],"18":[16],"19":[4],"20":[0],"21":[4],"22":[0],"23":[4],"24":[0],"25":[4],"26":[0],"27":[20],"28":[4],"29":[112],"30":[4],"31":[12],"32":[16],"33":[0],"34":[0],"35":[4],"36":[20],"37":[112],"38":[0]},"fnMap":{"0":{"name":"useEcoTwinThree","decl":{"start":{"line":26,"column":0},"end":{"line":532,"column":1}},"loc":{"start":{"line":26,"column":0},"end":{"line":532,"column":1}},"line":26},"1":{"name":"track","decl":{"start":{"line":87,"column":18},"end":{"line":90,"column":6}},"loc":{"start":{"line":87,"column":18},"end":{"line":90,"column":6}},"line":87},"2":{"name":"createWindmill","decl":{"start":{"line":127,"column":4},"end":{"line":165,"column":5}},"loc":{"start":{"line":127,"column":4},"end":{"line":165,"column":5}},"line":127},"3":{"name":"createSolarPanel","decl":{"start":{"line":173,"column":4},"end":{"line":197,"column":5}},"loc":{"start":{"line":173,"column":4},"end":{"line":197,"column":5}},"line":173},"4":{"name":"createTree","decl":{"start":{"line":204,"column":4},"end":{"line":234,"column":5}},"loc":{"start":{"line":204,"column":4},"end":{"line":234,"column":5}},"line":204},"5":{"name":"createFactory","decl":{"start":{"line":242,"column":4},"end":{"line":289,"column":5}},"loc":{"start":{"line":242,"column":4},"end":{"line":289,"column":5}},"line":242},"6":{"name":"resetSmog","decl":{"start":{"line":291,"column":4},"end":{"line":303,"column":5}},"loc":{"start":{"line":291,"column":4},"end":{"line":303,"column":5}},"line":291},"7":{"name":"onMouseDown","decl":{"start":{"line":330,"column":24},"end":{"line":333,"column":6}},"loc":{"start":{"line":330,"column":24},"end":{"line":333,"column":6}},"line":330},"8":{"name":"onMouseMove","decl":{"start":{"line":335,"column":24},"end":{"line":344,"column":6}},"loc":{"start":{"line":335,"column":24},"end":{"line":344,"column":6}},"line":335},"9":{"name":"onMouseUp","decl":{"start":{"line":346,"column":22},"end":{"line":348,"column":6}},"loc":{"start":{"line":346,"column":22},"end":{"line":348,"column":6}},"line":346},"10":{"name":"onTouchStart","decl":{"start":{"line":351,"column":25},"end":{"line":356,"column":6}},"loc":{"start":{"line":351,"column":25},"end":{"line":356,"column":6}},"line":351},"11":{"name":"onTouchMove","decl":{"start":{"line":358,"column":24},"end":{"line":367,"column":6}},"loc":{"start":{"line":358,"column":24},"end":{"line":367,"column":6}},"line":358},"12":{"name":"tick","decl":{"start":{"line":396,"column":17},"end":{"line":501,"column":6}},"loc":{"start":{"line":396,"column":17},"end":{"line":501,"column":6}},"line":396}},"f":{"0":7,"1":112,"2":4,"3":0,"4":16,"5":0,"6":0,"7":0,"8":0,"9":0,"10":0,"11":0,"12":0}}
,"C:\\Users\\nisch\\Downloads\\Project_PV\\src\\utils\\useFocusTrap.ts": {"path":"C:\\Users\\nisch\\Downloads\\Project_PV\\src\\utils\\useFocusTrap.ts","all":false,"statementMap":{"0":{"start":{"line":1,"column":0},"end":{"line":1,"column":45}},"6":{"start":{"line":7,"column":0},"end":{"line":7,"column":91}},"7":{"start":{"line":8,"column":0},"end":{"line":8,"column":19}},"8":{"start":{"line":9,"column":0},"end":{"line":9,"column":40}},"10":{"start":{"line":11,"column":0},"end":{"line":11,"column":37}},"13":{"start":{"line":14,"column":0},"end":{"line":14,"column":40}},"14":{"start":{"line":15,"column":0},"end":{"line":15,"column":56}},"15":{"start":{"line":16,"column":0},"end":{"line":16,"column":184}},"16":{"start":{"line":17,"column":0},"end":{"line":17,"column":8}},"17":{"start":{"line":18,"column":0},"end":{"line":18,"column":6}},"19":{"start":{"line":20,"column":0},"end":{"line":20,"column":49}},"20":{"start":{"line":21,"column":0},"end":{"line":21,"column":28}},"21":{"start":{"line":22,"column":0},"end":{"line":22,"column":61}},"22":{"start":{"line":23,"column":0},"end":{"line":23,"column":37}},"23":{"start":{"line":24,"column":0},"end":{"line":24,"column":29}},"24":{"start":{"line":25,"column":0},"end":{"line":25,"column":17}},"25":{"start":{"line":26,"column":0},"end":{"line":26,"column":9}},"27":{"start":{"line":28,"column":0},"end":{"line":28,"column":35}},"28":{"start":{"line":29,"column":0},"end":{"line":29,"column":53}},"30":{"start":{"line":31,"column":0},"end":{"line":31,"column":40}},"31":{"start":{"line":32,"column":0},"end":{"line":32,"column":49}},"32":{"start":{"line":33,"column":0},"end":{"line":33,"column":25}},"33":{"start":{"line":34,"column":0},"end":{"line":34,"column":31}},"34":{"start":{"line":35,"column":0},"end":{"line":35,"column":11}},"35":{"start":{"line":36,"column":0},"end":{"line":36,"column":23}},"36":{"start":{"line":37,"column":0},"end":{"line":37,"column":48}},"37":{"start":{"line":38,"column":0},"end":{"line":38,"column":26}},"38":{"start":{"line":39,"column":0},"end":{"line":39,"column":31}},"39":{"start":{"line":40,"column":0},"end":{"line":40,"column":11}},"40":{"start":{"line":41,"column":0},"end":{"line":41,"column":9}},"41":{"start":{"line":42,"column":0},"end":{"line":42,"column":7}},"42":{"start":{"line":43,"column":0},"end":{"line":43,"column":6}},"44":{"start":{"line":45,"column":0},"end":{"line":45,"column":54}},"45":{"start":{"line":46,"column":0},"end":{"line":46,"column":18}},"46":{"start":{"line":47,"column":0},"end":{"line":47,"column":59}},"47":{"start":{"line":48,"column":0},"end":{"line":48,"column":6}},"48":{"start":{"line":49,"column":0},"end":{"line":49,"column":20}},"49":{"start":{"line":50,"column":0},"end":{"line":50,"column":1}}},"s":{"0":1,"6":26,"7":26,"8":12,"10":5,"13":5,"14":0,"15":0,"16":0,"17":0,"19":5,"20":0,"21":0,"22":0,"23":0,"24":0,"25":0,"27":0,"28":0,"30":0,"31":0,"32":0,"33":0,"34":0,"35":0,"36":0,"37":0,"38":0,"39":0,"40":0,"41":0,"42":0,"44":5,"45":5,"46":5,"47":5,"48":26,"49":26},"branchMap":{"0":{"type":"branch","line":7,"loc":{"start":{"line":7,"column":0},"end":{"line":50,"column":1}},"locations":[{"start":{"line":7,"column":0},"end":{"line":50,"column":1}}]},"1":{"type":"branch","line":8,"loc":{"start":{"line":8,"column":12},"end":{"line":49,"column":5}},"locations":[{"start":{"line":8,"column":12},"end":{"line":49,"column":5}}]},"2":{"type":"branch","line":9,"loc":{"start":{"line":9,"column":9},"end":{"line":9,"column":33}},"locations":[{"start":{"line":9,"column":9},"end":{"line":9,"column":33}}]},"3":{"type":"branch","line":9,"loc":{"start":{"line":9,"column":33},"end":{"line":9,"column":40}},"locations":[{"start":{"line":9,"column":33},"end":{"line":9,"column":40}}]},"4":{"type":"branch","line":9,"loc":{"start":{"line":9,"column":33},"end":{"line":48,"column":6}},"locations":[{"start":{"line":9,"column":33},"end":{"line":48,"column":6}}]},"5":{"type":"branch","line":46,"loc":{"start":{"line":46,"column":11},"end":{"line":48,"column":6}},"locations":[{"start":{"line":46,"column":11},"end":{"line":48,"column":6}}]}},"b":{"0":[26],"1":[12],"2":[5],"3":[7],"4":[5],"5":[5]},"fnMap":{"0":{"name":"useFocusTrap","decl":{"start":{"line":7,"column":0},"end":{"line":50,"column":1}},"loc":{"start":{"line":7,"column":0},"end":{"line":50,"column":1}},"line":7},"1":{"name":"getFocusableElements","decl":{"start":{"line":14,"column":33},"end":{"line":18,"column":6}},"loc":{"start":{"line":14,"column":33},"end":{"line":18,"column":6}},"line":14},"2":{"name":"handleKeyDown","decl":{"start":{"line":20,"column":26},"end":{"line":43,"column":6}},"loc":{"start":{"line":20,"column":26},"end":{"line":43,"column":6}},"line":20}},"f":{"0":26,"1":0,"2":0}}
}
